[2026-04-15 12:08:53:853] warn: ⚠️  Không tìm thấy file D:\WEB\Web He thong quan ly phong kham\src\E-Health_server\.env.development, thử load .env mặc định...
[2026-04-15 12:08:53:853] info: ┌──────────────────────────────────────────────┐
[2026-04-15 12:08:53:853] info: │  🔧 DEVELOPMENT MODE                        │
[2026-04-15 12:08:53:853] info: │  📄 Loaded: .env.development
[2026-04-15 12:08:53:853] info: │  🔌 DB: 160.250.186.97:5432/ehealthdatabase
[2026-04-15 12:08:53:853] info: │  🌐 Frontend: dev.thanhhaishopwebsite.id.vn
[2026-04-15 12:08:53:853] info: │  📊 Log level: debug
[2026-04-15 12:08:53:853] info: │  💳 SePay: PRODUCTION
[2026-04-15 12:08:53:853] info: └──────────────────────────────────────────────┘
[2026-04-15 12:08:59:859] info: ✅ Firebase Admin SDK đã khởi tạo thành công.
[2026-04-15 12:09:04:94] info: 📅 [CRON] Appointment Reminder Job đã khởi động (mỗi 15 phút).
[2026-04-15 12:09:04:94] info: [PaymentOrderExpiry] Cron job đã khởi động (mỗi 1 phút).
[2026-04-15 12:09:04:94] info: ✅ Kết nối PostgreSQL thành công
[2026-04-15 12:09:04:94] info: ✅ Load cấu hình Dynamic API Permissions vào Cache thành công!
[2026-04-15 12:09:04:94] info: 🚀 Server is running on port 3000
[2026-04-15 12:09:04:94] info: 📅 [CRON] Appointment Reminder Job đã khởi động (mỗi 15 phút).
[2026-04-15 12:09:04:94] info: 🔍 [CRON] No-Show Detection Job đã khởi động (mỗi 30 phút).
[2026-04-15 12:09:30:930] http: GET /api/specialties?limit=50 304 - bytes - 14.327 ms
[2026-04-15 12:09:30:930] http: GET /api/specialties?limit=50 304 - bytes - 14.974 ms
[2026-04-15 12:09:33:933] http: GET /api/specialties?limit=50 304 - bytes - 8.331 ms
[2026-04-15 12:09:33:933] http: GET /api/specialties?limit=50 304 - bytes - 8.209 ms
[2026-04-15 12:09:33:933] http: GET /api/staff?page=1&limit=12&role=DOCTOR 304 - bytes - 126.573 ms
[2026-04-15 12:09:33:933] http: GET /api/staff?page=1&limit=12&role=DOCTOR 304 - bytes - 32.866 ms
[2026-04-15 12:09:42:942] http: GET /api/specialties?limit=50 304 - bytes - 10.236 ms
[2026-04-15 12:09:42:942] http: GET /api/specialties?limit=50 304 - bytes - 7.959 ms
