[2026-04-18 00:00:41:041] http: GET /api/notifications/inbox?page=1&limit=10 304 - bytes - 44.233 ms
[2026-04-18 00:01:41:141] http: GET /api/notifications/inbox?page=1&limit=10 304 - bytes - 79.585 ms
[2026-04-18 00:03:12:312] http: GET /api/notifications/inbox?page=1&limit=10 304 - bytes - 42.523 ms
[2026-04-18 00:04:12:412] http: GET /api/notifications/inbox?page=1&limit=10 304 - bytes - 41.035 ms
[2026-04-18 00:05:10:510] http: GET /api/notifications/inbox?page=1&limit=10 304 - bytes - 38.074 ms
[2026-04-18 00:05:41:541] http: GET /api/notifications/inbox?page=1&limit=10 304 - bytes - 77.038 ms
[2026-04-18 00:07:12:712] http: GET /api/notifications/inbox?page=1&limit=10 304 - bytes - 46.232 ms
[2026-04-18 00:08:12:812] http: GET /api/notifications/inbox?page=1&limit=10 304 - bytes - 39.891 ms
[2026-04-18 00:09:12:912] http: GET /api/notifications/inbox?page=1&limit=10 304 - bytes - 33.753 ms
[2026-04-18 00:10:12:1012] http: GET /api/notifications/inbox?page=1&limit=10 304 - bytes - 33.694 ms
[2026-04-18 00:11:12:1112] http: GET /api/notifications/inbox?page=1&limit=10 304 - bytes - 36.843 ms
[2026-04-18 00:48:39:4839] warn: ⚠️  Không tìm thấy file D:\WEB\Web He thong quan ly phong kham\src\E-Health_server\.env.development, thử load .env mặc định...
[2026-04-18 00:48:39:4839] info: ┌──────────────────────────────────────────────┐
[2026-04-18 00:48:39:4839] info: │  🔧 DEVELOPMENT MODE                        │
[2026-04-18 00:48:39:4839] info: │  📄 Loaded: .env.development
[2026-04-18 00:48:39:4839] info: │  🔌 DB: 160.250.186.97:5432/ehealthdatabase
[2026-04-18 00:48:39:4839] info: │  🌐 Frontend: dev.thanhhaishopwebsite.id.vn
[2026-04-18 00:48:39:4839] info: │  📊 Log level: debug
[2026-04-18 00:48:39:4839] info: │  💳 SePay: PRODUCTION
[2026-04-18 00:48:39:4839] info: └──────────────────────────────────────────────┘
[2026-04-18 00:48:46:4846] info: ✅ Firebase Admin SDK đã khởi tạo thành công.
[2026-04-18 00:48:52:4852] info: 📅 [CRON] Appointment Reminder Job đã khởi động (mỗi 15 phút).
[2026-04-18 00:48:52:4852] info: [PaymentOrderExpiry] Cron job đã khởi động (mỗi 1 phút).
[2026-04-18 00:48:52:4852] info: [AppointmentNoShow] Cron job đã khởi động (chạy mỗi 5 phút). Quét NO_SHOW với buffer 10 phút.
[2026-04-18 00:48:52:4852] info: ✅ Kết nối PostgreSQL thành công
[2026-04-18 00:48:52:4852] info: ✅ Load cấu hình Dynamic API Permissions vào Cache thành công!
[2026-04-18 00:48:52:4852] info: 🚀 Server is running on port 3000
[2026-04-18 00:48:52:4852] info: 📅 [CRON] Appointment Reminder Job đã khởi động (mỗi 15 phút).
[2026-04-18 00:48:52:4852] info: 🔍 [CRON] No-Show Detection Job đã khởi động (mỗi 30 phút).
[2026-04-18 00:49:42:4942] http: GET /api/notifications/inbox?page=1&limit=10 401 100 bytes - 12.248 ms
[2026-04-18 00:49:42:4942] http: GET /api/appointments/my-appointments?status=PENDING,CONFIRMED&limit=5 401 100 bytes - 6.215 ms
[2026-04-18 00:49:42:4942] http: GET /api/teleconsultation/booking/my-bookings?patientId=USR_PAT_121&status=scheduled 401 100 bytes - 5.421 ms
[2026-04-18 00:49:42:4942] http: GET /api/patient/profiles/default 401 100 bytes - 1.963 ms
[2026-04-18 00:49:42:4942] http: GET /api/notifications/inbox?page=1&limit=10 401 100 bytes - 2.405 ms
[2026-04-18 00:49:42:4942] http: GET /api/appointments/my-appointments?status=PENDING,CONFIRMED&limit=5 401 100 bytes - 3.063 ms
[2026-04-18 00:49:42:4942] http: GET /api/teleconsultation/booking/my-bookings?patientId=USR_PAT_121&status=scheduled 401 100 bytes - 5.060 ms
[2026-04-18 00:49:42:4942] http: GET /api/patient/profiles/default 401 100 bytes - 1.686 ms
[2026-04-18 00:49:42:4942] http: POST /api/auth/refresh-token 200 605 bytes - 33.427 ms
[2026-04-18 00:49:42:4942] http: GET /api/appointments/my-appointments?status=PENDING,CONFIRMED&limit=5 200 278 bytes - 52.955 ms
[2026-04-18 00:49:42:4942] http: GET /api/patient/profiles/default 200 975 bytes - 60.548 ms
[2026-04-18 00:49:42:4942] http: GET /api/teleconsultation/booking/my-bookings?patientId=USR_PAT_121&status=scheduled 304 - bytes - 70.934 ms
[2026-04-18 00:49:42:4942] http: GET /api/notifications/inbox?page=1&limit=10 304 - bytes - 85.450 ms
[2026-04-18 00:49:43:4943] http: GET /api/patient/profiles/default 304 - bytes - 33.180 ms
[2026-04-18 00:49:43:4943] http: GET /api/appointments/my-appointments?status=PENDING,CONFIRMED&limit=5 304 - bytes - 48.317 ms
[2026-04-18 00:49:43:4943] http: GET /api/teleconsultation/booking/my-bookings?patientId=USR_PAT_121&status=scheduled 304 - bytes - 35.342 ms
[2026-04-18 00:49:43:4943] http: GET /api/ehr/patients/PAT_001/vitals/latest 304 - bytes - 31.609 ms
[2026-04-18 00:49:43:4943] http: GET /api/notifications/inbox?page=1&limit=10 304 - bytes - 47.239 ms
[2026-04-18 00:49:43:4943] http: GET /api/ehr/patients/PAT_001/current-medications 304 - bytes - 31.260 ms
[2026-04-18 00:49:43:4943] http: GET /api/ehr/patients/PAT_001/vitals/latest 304 - bytes - 33.677 ms
[2026-04-18 00:49:43:4943] http: GET /api/ehr/patients/PAT_001/current-medications 304 - bytes - 25.995 ms
[2026-04-18 00:49:49:4949] http: GET /api/patient/profiles 304 - bytes - 27.591 ms
[2026-04-18 00:49:49:4949] http: GET /api/patient/profiles 304 - bytes - 36.921 ms
[2026-04-18 00:49:49:4949] http: GET /api/appointments/my-appointments?patient_id=PAT_001&status=PENDING,CONFIRMED&limit=50 200 279 bytes - 53.571 ms
[2026-04-18 00:49:54:4954] http: GET /api/appointments/my-appointments?patient_id=f0ec64ee-58cc-4366-b181-ed71cee46281&status=PENDING,CONFIRMED&limit=50 200 279 bytes - 44.814 ms
[2026-04-18 00:49:57:4957] http: GET /api/appointments/my-appointments?patient_id=ee20c300-89fa-4062-8d87-2cbd09570fb4&status=PENDING,CONFIRMED&limit=50 200 279 bytes - 48.543 ms
[2026-04-18 00:50:00:500] http: GET /api/patient/profiles 304 - bytes - 25.258 ms
[2026-04-18 00:50:00:500] http: GET /api/patient/profiles 304 - bytes - 27.379 ms
[2026-04-18 00:50:00:500] http: GET /api/patients/PAT_001/insurances 304 - bytes - 51.671 ms
[2026-04-18 00:50:00:500] http: GET /api/patients/ee20c300-89fa-4062-8d87-2cbd09570fb4/insurances 200 80 bytes - 42.023 ms
[2026-04-18 00:50:00:500] http: GET /api/patients/f0ec64ee-58cc-4366-b181-ed71cee46281/insurances 304 - bytes - 58.537 ms
[2026-04-18 00:50:00:500] http: GET /api/patients/PAT_001/insurances 304 - bytes - 45.480 ms
[2026-04-18 00:50:00:500] http: GET /api/patients/ee20c300-89fa-4062-8d87-2cbd09570fb4/insurances 304 - bytes - 48.242 ms
[2026-04-18 00:50:00:500] http: GET /api/patients/f0ec64ee-58cc-4366-b181-ed71cee46281/insurances 304 - bytes - 43.450 ms
[2026-04-18 00:50:42:5042] http: GET /api/notifications/inbox?page=1&limit=10 304 - bytes - 136.763 ms
[2026-04-18 00:50:54:5054] http: GET /api/patient/profiles 304 - bytes - 23.771 ms
[2026-04-18 00:50:54:5054] http: GET /api/patient/profiles 304 - bytes - 21.046 ms
[2026-04-18 00:50:54:5054] http: GET /api/appointments/my-appointments?patient_id=ee20c300-89fa-4062-8d87-2cbd09570fb4&status=PENDING,CONFIRMED&limit=50 304 - bytes - 47.724 ms
[2026-04-18 00:51:04:514] http: GET /api/patient/profiles 304 - bytes - 27.307 ms
[2026-04-18 00:51:04:514] http: GET /api/patient/profiles 304 - bytes - 21.494 ms
[2026-04-18 00:51:04:514] http: GET /api/patients/PAT_001/insurances 304 - bytes - 46.920 ms
[2026-04-18 00:51:04:514] http: GET /api/patients/PAT_001/insurances 304 - bytes - 27.205 ms
[2026-04-18 00:51:04:514] http: GET /api/patients/f0ec64ee-58cc-4366-b181-ed71cee46281/insurances 304 - bytes - 74.404 ms
[2026-04-18 00:51:04:514] http: GET /api/patients/ee20c300-89fa-4062-8d87-2cbd09570fb4/insurances 304 - bytes - 72.455 ms
[2026-04-18 00:51:04:514] http: GET /api/patients/f0ec64ee-58cc-4366-b181-ed71cee46281/insurances 304 - bytes - 29.111 ms
[2026-04-18 00:51:04:514] http: GET /api/patients/ee20c300-89fa-4062-8d87-2cbd09570fb4/insurances 304 - bytes - 40.643 ms
[2026-04-18 00:51:06:516] http: GET /api/patient/profiles 304 - bytes - 23.296 ms
[2026-04-18 00:51:06:516] http: GET /api/patient/profiles 304 - bytes - 21.040 ms
[2026-04-18 00:51:06:516] http: GET /api/notifications/inbox?page=1&limit=10 304 - bytes - 37.344 ms
[2026-04-18 00:51:06:516] http: GET /api/patients/PAT_001/insurances 304 - bytes - 40.237 ms
[2026-04-18 00:51:06:516] http: GET /api/patients/ee20c300-89fa-4062-8d87-2cbd09570fb4/insurances 304 - bytes - 35.940 ms
[2026-04-18 00:51:06:516] http: GET /api/patients/f0ec64ee-58cc-4366-b181-ed71cee46281/insurances 304 - bytes - 43.878 ms
[2026-04-18 00:51:06:516] http: GET /api/patients/PAT_001/insurances 304 - bytes - 39.613 ms
[2026-04-18 00:51:06:516] http: GET /api/patients/ee20c300-89fa-4062-8d87-2cbd09570fb4/insurances 304 - bytes - 37.799 ms
[2026-04-18 00:51:06:516] http: GET /api/patients/f0ec64ee-58cc-4366-b181-ed71cee46281/insurances 304 - bytes - 35.392 ms
[2026-04-18 00:51:06:516] http: GET /api/notifications/inbox?page=1&limit=10 304 - bytes - 86.018 ms
[2026-04-18 00:51:19:5119] http: PUT /api/patient/profiles/ee20c300-89fa-4062-8d87-2cbd09570fb4 200 678 bytes - 40.783 ms
[2026-04-18 00:51:19:5119] http: GET /api/patient/profiles 200 2665 bytes - 24.610 ms
[2026-04-18 00:51:19:5119] http: GET /api/patients/f0ec64ee-58cc-4366-b181-ed71cee46281/insurances 304 - bytes - 22.963 ms
[2026-04-18 00:51:19:5119] http: GET /api/patients/ee20c300-89fa-4062-8d87-2cbd09570fb4/insurances 304 - bytes - 24.618 ms
[2026-04-18 00:51:19:5119] http: GET /api/patients/PAT_001/insurances 304 - bytes - 40.181 ms
[2026-04-18 00:51:24:5124] http: GET /api/patient/profiles/ee20c300-89fa-4062-8d87-2cbd09570fb4 200 694 bytes - 22.518 ms
[2026-04-18 00:51:24:5124] http: GET /api/patient/profiles/ee20c300-89fa-4062-8d87-2cbd09570fb4 304 - bytes - 27.969 ms
[2026-04-18 00:51:24:5124] http: GET /api/patients/ee20c300-89fa-4062-8d87-2cbd09570fb4/insurances 304 - bytes - 33.663 ms
[2026-04-18 00:51:24:5124] http: GET /api/patients/ee20c300-89fa-4062-8d87-2cbd09570fb4/insurances 304 - bytes - 26.219 ms
[2026-04-18 00:51:24:5124] http: GET /api/relation-types 304 - bytes - 17.872 ms
[2026-04-18 00:51:24:5124] http: GET /api/patients/ee20c300-89fa-4062-8d87-2cbd09570fb4/relations 200 26 bytes - 22.830 ms
[2026-04-18 00:51:24:5124] http: GET /api/relation-types 304 - bytes - 19.099 ms
[2026-04-18 00:51:24:5124] http: GET /api/patients/ee20c300-89fa-4062-8d87-2cbd09570fb4/relations 304 - bytes - 27.045 ms
[2026-04-18 00:51:28:5128] http: GET /api/insurance-providers?limit=200 304 - bytes - 28.364 ms
[2026-04-18 00:51:28:5128] http: GET /api/patients/ee20c300-89fa-4062-8d87-2cbd09570fb4/insurances 304 - bytes - 41.405 ms
[2026-04-18 00:51:28:5128] http: GET /api/insurance-providers?limit=200 304 - bytes - 35.694 ms
[2026-04-18 00:51:28:5128] http: GET /api/patients/ee20c300-89fa-4062-8d87-2cbd09570fb4/insurances 304 - bytes - 36.648 ms
[2026-04-18 00:51:32:5132] http: GET /api/ehr/patients/ee20c300-89fa-4062-8d87-2cbd09570fb4/vitals/latest 200 84 bytes - 33.882 ms
[2026-04-18 00:51:32:5132] http: GET /api/ehr/patients/ee20c300-89fa-4062-8d87-2cbd09570fb4/health-metrics?limit=50 200 122 bytes - 31.869 ms
[2026-04-18 00:51:32:5132] http: GET /api/ehr/patients/ee20c300-89fa-4062-8d87-2cbd09570fb4/vitals/latest 304 - bytes - 26.839 ms
[2026-04-18 00:51:32:5132] http: GET /api/ehr/patients/ee20c300-89fa-4062-8d87-2cbd09570fb4/health-metrics?limit=50 304 - bytes - 29.422 ms
[2026-04-18 00:51:34:5134] http: GET /api/ehr/patients/ee20c300-89fa-4062-8d87-2cbd09570fb4/allergies 200 79 bytes - 30.862 ms
[2026-04-18 00:51:34:5134] http: GET /api/ehr/patients/ee20c300-89fa-4062-8d87-2cbd09570fb4/medical-histories 200 80 bytes - 35.111 ms
[2026-04-18 00:51:34:5134] http: GET /api/ehr/patients/ee20c300-89fa-4062-8d87-2cbd09570fb4/allergies 304 - bytes - 28.251 ms
[2026-04-18 00:51:34:5134] http: GET /api/ehr/patients/ee20c300-89fa-4062-8d87-2cbd09570fb4/medical-histories 304 - bytes - 27.106 ms
[2026-04-18 00:51:40:5140] http: GET /api/ehr/patients/ee20c300-89fa-4062-8d87-2cbd09570fb4/current-medications 200 88 bytes - 29.774 ms
[2026-04-18 00:51:40:5140] http: GET /api/ehr/patients/ee20c300-89fa-4062-8d87-2cbd09570fb4/current-medications 304 - bytes - 28.078 ms
[2026-04-18 00:51:41:5141] http: GET /api/patient/profiles 304 - bytes - 20.556 ms
[2026-04-18 00:51:42:5142] http: GET /api/patient/profiles 304 - bytes - 23.014 ms
[2026-04-18 00:51:42:5142] http: GET /api/patients/PAT_001/insurances 304 - bytes - 33.923 ms
[2026-04-18 00:51:42:5142] http: GET /api/patients/ee20c300-89fa-4062-8d87-2cbd09570fb4/insurances 304 - bytes - 32.911 ms
[2026-04-18 00:51:42:5142] http: GET /api/patients/f0ec64ee-58cc-4366-b181-ed71cee46281/insurances 304 - bytes - 45.726 ms
[2026-04-18 00:51:42:5142] http: GET /api/patients/ee20c300-89fa-4062-8d87-2cbd09570fb4/insurances 304 - bytes - 26.917 ms
[2026-04-18 00:51:42:5142] http: GET /api/patients/PAT_001/insurances 304 - bytes - 35.272 ms
[2026-04-18 00:51:42:5142] http: GET /api/patients/f0ec64ee-58cc-4366-b181-ed71cee46281/insurances 304 - bytes - 37.859 ms
[2026-04-18 00:51:45:5145] http: GET /api/patient/profiles 304 - bytes - 27.415 ms
[2026-04-18 00:51:45:5145] http: GET /api/patient/profiles 304 - bytes - 29.003 ms
[2026-04-18 00:51:45:5145] http: GET /api/medical-records/by-patient/ee20c300-89fa-4062-8d87-2cbd09570fb4 200 133 bytes - 39.970 ms
[2026-04-18 00:51:45:5145] http: GET /api/medical-records/by-patient/ee20c300-89fa-4062-8d87-2cbd09570fb4/timeline 200 75 bytes - 32.943 ms
[2026-04-18 00:51:47:5147] http: GET /api/medical-records/by-patient/f0ec64ee-58cc-4366-b181-ed71cee46281 200 133 bytes - 22.403 ms
[2026-04-18 00:51:47:5147] http: GET /api/medical-records/by-patient/f0ec64ee-58cc-4366-b181-ed71cee46281/timeline 200 75 bytes - 23.122 ms
[2026-04-18 00:51:49:5149] http: GET /api/medical-records/by-patient/PAT_001 304 - bytes - 35.036 ms
[2026-04-18 00:51:49:5149] http: GET /api/medical-records/by-patient/PAT_001/timeline 304 - bytes - 34.968 ms
[2026-04-18 00:51:53:5153] http: GET /api/medical-records/ENC_260316_a60a783f 304 - bytes - 85.899 ms
[2026-04-18 00:51:53:5153] http: GET /api/ehr/patients/PAT_001/clinical-results/by-encounter/ENC_260316_a60a783f 304 - bytes - 40.122 ms
[2026-04-18 00:51:53:5153] http: GET /api/medical-records/ENC_260316_a60a783f 304 - bytes - 76.146 ms
[2026-04-18 00:51:53:5153] http: GET /api/ehr/patients/PAT_001/clinical-results/by-encounter/ENC_260316_a60a783f 304 - bytes - 41.238 ms
[2026-04-18 00:51:58:5158] http: GET /api/patient/profiles 304 - bytes - 27.843 ms
[2026-04-18 00:51:58:5158] http: GET /api/patient/profiles 304 - bytes - 29.619 ms
[2026-04-18 00:51:58:5158] http: GET /api/ehr/patients/PAT_001/active-conditions 304 - bytes - 69.416 ms
[2026-04-18 00:51:58:5158] http: GET /api/ehr/patients/PAT_001/insurance-status 304 - bytes - 73.889 ms
[2026-04-18 00:51:58:5158] http: GET /api/ehr/patients/PAT_001/health-summary 200 1407 bytes - 112.143 ms
[2026-04-18 00:51:58:5158] http: GET /api/ehr/patients/PAT_001/current-medications 304 - bytes - 101.813 ms
[2026-04-18 00:51:58:5158] http: GET /api/ehr/patients/PAT_001/diagnosis-history?limit=5 304 - bytes - 119.534 ms
[2026-04-18 00:51:58:5158] http: GET /api/ehr/patients/PAT_001/profile 200 5481 bytes - 152.205 ms
[2026-04-18 00:51:58:5158] http: GET /api/ehr/patients/PAT_001/allergies 304 - bytes - 61.227 ms
[2026-04-18 00:51:58:5158] http: GET /api/ehr/patients/PAT_001/timeline?limit=6 304 - bytes - 68.163 ms
[2026-04-18 00:51:58:5158] http: GET /api/ehr/patients/PAT_001/health-metrics?limit=50 304 - bytes - 53.347 ms
[2026-04-18 00:52:02:522] http: GET /api/ehr/patients/ee20c300-89fa-4062-8d87-2cbd09570fb4/active-conditions 200 100 bytes - 32.771 ms
[2026-04-18 00:52:02:522] http: GET /api/ehr/patients/ee20c300-89fa-4062-8d87-2cbd09570fb4/insurance-status 200 84 bytes - 46.884 ms
[2026-04-18 00:52:02:522] http: GET /api/ehr/patients/ee20c300-89fa-4062-8d87-2cbd09570fb4/current-medications 304 - bytes - 46.374 ms
[2026-04-18 00:52:02:522] http: GET /api/ehr/patients/ee20c300-89fa-4062-8d87-2cbd09570fb4/diagnosis-history?limit=5 200 136 bytes - 61.630 ms
[2026-04-18 00:52:02:522] http: GET /api/ehr/patients/ee20c300-89fa-4062-8d87-2cbd09570fb4/health-summary 200 421 bytes - 69.940 ms
[2026-04-18 00:52:02:522] http: GET /api/ehr/patients/ee20c300-89fa-4062-8d87-2cbd09570fb4/profile 200 839 bytes - 81.882 ms
[2026-04-18 00:52:02:522] http: GET /api/ehr/patients/ee20c300-89fa-4062-8d87-2cbd09570fb4/allergies 304 - bytes - 51.048 ms
[2026-04-18 00:52:02:522] http: GET /api/ehr/patients/ee20c300-89fa-4062-8d87-2cbd09570fb4/timeline?limit=6 200 142 bytes - 41.093 ms
[2026-04-18 00:52:02:522] http: GET /api/ehr/patients/ee20c300-89fa-4062-8d87-2cbd09570fb4/health-metrics?limit=50 304 - bytes - 44.811 ms
[2026-04-18 00:52:06:526] http: GET /api/ehr/patients/ee20c300-89fa-4062-8d87-2cbd09570fb4/health-metrics?limit=50 304 - bytes - 49.750 ms
[2026-04-18 00:52:06:526] http: GET /api/ehr/patients/ee20c300-89fa-4062-8d87-2cbd09570fb4/vitals/abnormal 200 95 bytes - 35.084 ms
[2026-04-18 00:52:06:526] http: GET /api/ehr/patients/ee20c300-89fa-4062-8d87-2cbd09570fb4/vitals/latest 304 - bytes - 50.378 ms
[2026-04-18 00:52:06:526] http: GET /api/ehr/patients/ee20c300-89fa-4062-8d87-2cbd09570fb4/vitals/summary 200 307 bytes - 41.025 ms
[2026-04-18 00:52:06:526] http: GET /api/notifications/inbox?page=1&limit=10 304 - bytes - 38.336 ms
[2026-04-18 00:52:06:526] http: GET /api/ehr/patients/ee20c300-89fa-4062-8d87-2cbd09570fb4/vitals 200 111 bytes - 57.686 ms
[2026-04-18 00:53:06:536] http: GET /api/notifications/inbox?page=1&limit=10 304 - bytes - 40.180 ms
[2026-04-18 00:53:53:5353] http: GET /api/ehr/patients/PAT_001/insurance-status 304 - bytes - 79.923 ms
[2026-04-18 00:53:53:5353] http: GET /api/ehr/patients/PAT_001/active-conditions 304 - bytes - 121.046 ms
[2026-04-18 00:53:53:5353] http: GET /api/ehr/patients/PAT_001/diagnosis-history?limit=5 304 - bytes - 132.669 ms
[2026-04-18 00:53:53:5353] http: GET /api/ehr/patients/PAT_001/health-summary 200 1407 bytes - 141.726 ms
[2026-04-18 00:53:53:5353] http: GET /api/ehr/patients/PAT_001/profile 200 5481 bytes - 152.132 ms
[2026-04-18 00:53:53:5353] http: GET /api/ehr/patients/PAT_001/current-medications 304 - bytes - 136.279 ms
[2026-04-18 00:53:53:5353] http: GET /api/ehr/patients/PAT_001/health-metrics?limit=50 304 - bytes - 30.786 ms
[2026-04-18 00:53:53:5353] http: GET /api/ehr/patients/PAT_001/allergies 304 - bytes - 86.916 ms
[2026-04-18 00:53:53:5353] http: GET /api/ehr/patients/PAT_001/timeline?limit=6 304 - bytes - 57.288 ms
[2026-04-18 00:53:55:5355] http: GET /api/ehr/patients/PAT_001/health-metrics?limit=50 304 - bytes - 41.030 ms
[2026-04-18 00:53:55:5355] http: GET /api/ehr/patients/PAT_001/vitals/abnormal 304 - bytes - 33.841 ms
[2026-04-18 00:53:55:5355] http: GET /api/ehr/patients/PAT_001/vitals/latest 304 - bytes - 39.517 ms
[2026-04-18 00:53:55:5355] http: GET /api/ehr/patients/PAT_001/vitals 304 - bytes - 54.884 ms
[2026-04-18 00:53:55:5355] http: GET /api/ehr/patients/PAT_001/vitals/summary 304 - bytes - 53.474 ms
[2026-04-18 00:53:58:5358] http: GET /api/ehr/patients/PAT_001/profile 200 5481 bytes - 57.841 ms
[2026-04-18 00:54:00:540] http: GET /api/medical-records/by-patient/PAT_001 304 - bytes - 25.498 ms
[2026-04-18 00:54:00:540] http: GET /api/ehr/patients/PAT_001/clinical-results/attachments 304 - bytes - 24.357 ms
[2026-04-18 00:54:00:540] http: GET /api/ehr/patients/PAT_001/clinical-results/summary 304 - bytes - 35.207 ms
[2026-04-18 00:54:00:540] http: GET /api/ehr/patients/PAT_001/clinical-results?page=1&limit=100 304 - bytes - 42.356 ms
[2026-04-18 00:54:00:540] http: GET /api/ehr/patients/PAT_001/clinical-results/abnormal 304 - bytes - 35.532 ms
[2026-04-18 00:54:00:540] http: GET /api/ehr/patients/PAT_001/clinical-results/by-encounter/ENC_260316_a60a783f 304 - bytes - 30.655 ms
[2026-04-18 00:54:00:540] http: GET /api/ehr/patients/PAT_001/clinical-results/by-encounter/ENC_260328_e6749111 304 - bytes - 34.153 ms
[2026-04-18 00:54:02:542] http: GET /api/ehr/patients/PAT_001/current-medications 304 - bytes - 24.323 ms
[2026-04-18 00:54:02:542] http: GET /api/ehr/patients/PAT_001/medication-records/timeline 304 - bytes - 29.740 ms
[2026-04-18 00:54:02:542] http: GET /api/ehr/patients/PAT_001/medication-records/interaction-check 304 - bytes - 32.921 ms
[2026-04-18 00:54:03:543] http: GET /api/ehr/patients/PAT_001/timeline?limit=50 304 - bytes - 39.405 ms
[2026-04-18 00:54:03:543] http: GET /api/ehr/patients/PAT_001/timeline/summary 304 - bytes - 38.212 ms
[2026-04-18 00:54:06:546] http: GET /api/notifications/inbox?page=1&limit=10 304 - bytes - 29.011 ms
[2026-04-18 00:54:09:549] http: GET /api/patient/profiles 304 - bytes - 39.390 ms
[2026-04-18 00:54:09:549] http: GET /api/patient/profiles 304 - bytes - 24.026 ms
[2026-04-18 00:54:09:549] http: GET /api/ehr/patients/PAT_001/medication-records/current 304 - bytes - 41.831 ms
[2026-04-18 00:54:09:549] http: GET /api/ehr/patients/PAT_001/medication-adherence?from_date=2026-04-11&to_date=2026-04-17 304 - bytes - 43.323 ms
[2026-04-18 00:54:15:5415] http: GET /api/billing/invoices?limit=50 403 116 bytes - 5.621 ms
[2026-04-18 00:54:15:5415] http: GET /api/billing/invoices?limit=50 403 116 bytes - 6.597 ms
[2026-04-18 00:54:15:5415] http: GET /api/billing/pricing/catalog 304 - bytes - 42.717 ms
[2026-04-18 00:54:15:5415] http: GET /api/billing/pricing/catalog 304 - bytes - 26.291 ms
[2026-04-18 00:54:58:5458] http: GET /api/teleconsultation/booking/my-bookings?patientId=USR_PAT_121&status=scheduled 304 - bytes - 32.110 ms
[2026-04-18 00:54:58:5458] http: GET /api/teleconsultation/booking/my-bookings?patientId=USR_PAT_121&status=scheduled 304 - bytes - 23.978 ms
[2026-04-18 00:55:00:550] http: GET /api/teleconsultation/types 403 116 bytes - 2.035 ms
[2026-04-18 00:55:03:553] http: GET /api/teleconsultation/booking/my-bookings?patientId=USR_PAT_121&status=completed 200 71 bytes - 29.053 ms
[2026-04-18 00:55:06:556] http: GET /api/notifications/inbox?page=1&limit=10 304 - bytes - 35.042 ms
[2026-04-18 00:55:11:5511] http: GET /api/profile/me 200 1103 bytes - 27.376 ms
[2026-04-18 00:55:11:5511] http: GET /api/profile/me 304 - bytes - 28.677 ms
[2026-04-18 00:55:59:5559] http: GET /api/billing/invoices?limit=50 403 116 bytes - 1.886 ms
[2026-04-18 00:55:59:5559] http: GET /api/billing/invoices?limit=50 403 116 bytes - 2.514 ms
[2026-04-18 00:55:59:5559] http: GET /api/billing/pricing/catalog 304 - bytes - 59.479 ms
[2026-04-18 00:55:59:5559] http: GET /api/billing/pricing/catalog 304 - bytes - 14.122 ms
[2026-04-18 00:56:06:566] http: GET /api/notifications/inbox?page=1&limit=10 304 - bytes - 35.092 ms
[2026-04-18 00:57:06:576] http: GET /api/notifications/inbox?page=1&limit=10 304 - bytes - 38.537 ms
[2026-04-18 00:58:06:586] http: GET /api/notifications/inbox?page=1&limit=10 304 - bytes - 45.549 ms
[2026-04-18 00:59:14:5914] http: GET /api/notifications/inbox?page=1&limit=10 304 - bytes - 59.224 ms
[2026-04-18 01:00:34:034] http: GET /api/notifications/inbox?page=1&limit=10 304 - bytes - 56.472 ms
[2026-04-18 01:00:43:043] http: GET /api/billing/invoices?limit=50 403 116 bytes - 2.985 ms
[2026-04-18 01:01:33:133] http: GET /api/billing/invoices?limit=50 403 116 bytes - 2.213 ms
[2026-04-18 01:01:33:133] http: GET /api/billing/invoices?limit=50 403 116 bytes - 2.183 ms
[2026-04-18 01:01:33:133] http: GET /api/billing/pricing/catalog 304 - bytes - 48.078 ms
[2026-04-18 01:01:33:133] http: GET /api/billing/pricing/catalog 304 - bytes - 17.247 ms
[2026-04-18 01:01:33:133] http: GET /api/notifications/inbox?page=1&limit=10 304 - bytes - 86.340 ms
[2026-04-18 01:01:33:133] http: GET /api/notifications/inbox?page=1&limit=10 304 - bytes - 37.962 ms
[2026-04-18 01:01:49:149] http: GET /api/billing/invoices?limit=50 403 116 bytes - 2.441 ms
[2026-04-18 01:01:49:149] http: GET /api/billing/invoices?limit=50 403 116 bytes - 2.211 ms
[2026-04-18 01:01:49:149] http: GET /api/billing/pricing/catalog 304 - bytes - 11.482 ms
[2026-04-18 01:01:49:149] http: GET /api/patient/profiles 304 - bytes - 23.534 ms
[2026-04-18 01:01:49:149] http: GET /api/billing/pricing/catalog 304 - bytes - 15.404 ms
[2026-04-18 01:01:49:149] http: GET /api/patient/profiles 304 - bytes - 21.346 ms
[2026-04-18 01:01:49:149] http: GET /api/billing/invoices?limit=50&profileId=PAT_001 403 116 bytes - 1.798 ms
[2026-04-18 01:02:05:25] http: GET /api/billing/invoices?limit=50&profileId=PAT_001 403 116 bytes - 2.063 ms
[2026-04-18 01:02:09:29] http: GET /api/billing/invoices/by-patient/PAT_001?limit=50 304 - bytes - 20.232 ms
[2026-04-18 01:02:33:233] http: GET /api/notifications/inbox?page=1&limit=10 304 - bytes - 32.114 ms
[2026-04-18 01:03:01:31] http: GET /api/billing/invoices/by-patient/PAT_001?limit=50 304 - bytes - 19.880 ms
[2026-04-18 01:03:33:333] http: GET /api/notifications/inbox?page=1&limit=10 304 - bytes - 56.456 ms
[2026-04-18 01:03:37:337] http: GET /api/billing/invoices/by-patient/PAT_001?limit=50 304 - bytes - 22.855 ms
[2026-04-18 01:04:35:435] http: GET /api/billing/pricing/catalog 304 - bytes - 46.072 ms
[2026-04-18 01:04:35:435] http: GET /api/patient/profiles 304 - bytes - 51.819 ms
[2026-04-18 01:04:35:435] http: GET /api/notifications/inbox?page=1&limit=10 304 - bytes - 64.452 ms
[2026-04-18 01:04:35:435] http: GET /api/billing/pricing/catalog 304 - bytes - 13.041 ms
[2026-04-18 01:04:35:435] http: GET /api/patient/profiles 304 - bytes - 20.370 ms
[2026-04-18 01:04:35:435] http: GET /api/notifications/inbox?page=1&limit=10 304 - bytes - 34.183 ms
[2026-04-18 01:04:35:435] http: GET /api/billing/invoices/by-patient/PAT_001?limit=50 304 - bytes - 20.467 ms
[2026-04-18 01:04:40:440] http: GET /api/billing/invoices/by-patient/f0ec64ee-58cc-4366-b181-ed71cee46281?limit=50 200 71 bytes - 20.290 ms
[2026-04-18 01:04:41:441] http: GET /api/billing/invoices/by-patient/PAT_001?limit=50 304 - bytes - 17.444 ms
[2026-04-18 01:04:43:443] http: GET /api/billing/invoices/by-patient/f0ec64ee-58cc-4366-b181-ed71cee46281?limit=50 304 - bytes - 20.152 ms
[2026-04-18 01:04:44:444] http: GET /api/billing/invoices/by-patient/PAT_001?limit=50 304 - bytes - 18.402 ms
[2026-04-18 01:04:45:445] http: GET /api/patient/profiles 304 - bytes - 24.463 ms
[2026-04-18 01:04:45:445] http: GET /api/patient/profiles 304 - bytes - 19.948 ms
[2026-04-18 01:04:45:445] http: GET /api/ehr/patients/PAT_001/medication-records/current 304 - bytes - 25.948 ms
[2026-04-18 01:04:45:445] http: GET /api/ehr/patients/PAT_001/medication-adherence?from_date=2026-04-11&to_date=2026-04-17 304 - bytes - 30.669 ms
[2026-04-18 01:04:46:446] http: GET /api/patient/profiles 304 - bytes - 21.727 ms
[2026-04-18 01:04:46:446] http: GET /api/billing/pricing/catalog 304 - bytes - 10.681 ms
[2026-04-18 01:04:46:446] http: GET /api/billing/pricing/catalog 304 - bytes - 12.410 ms
[2026-04-18 01:04:46:446] http: GET /api/patient/profiles 304 - bytes - 22.693 ms
[2026-04-18 01:04:46:446] http: GET /api/billing/invoices/by-patient/PAT_001?limit=50 304 - bytes - 35.584 ms
[2026-04-18 01:04:52:452] http: GET /api/billing/invoices/by-patient/PAT_001?limit=50 304 - bytes - 17.369 ms
[2026-04-18 01:05:04:54] http: POST /api/billing/payments/qr-generate 201 708 bytes - 60.144 ms
[2026-04-18 01:05:10:510] http: GET /api/billing/payments/orders/PO_5a04d7c903f14c/status 200 83 bytes - 8.104 ms
[2026-04-18 01:05:20:520] http: GET /api/billing/invoices/by-patient/f0ec64ee-58cc-4366-b181-ed71cee46281?limit=50 304 - bytes - 18.820 ms
[2026-04-18 01:05:21:521] http: GET /api/billing/invoices/by-patient/ee20c300-89fa-4062-8d87-2cbd09570fb4?limit=50 200 71 bytes - 21.778 ms
[2026-04-18 01:05:35:535] http: GET /api/notifications/inbox?page=1&limit=10 304 - bytes - 30.917 ms
[2026-04-18 01:05:42:542] http: GET /api/patient/profiles 304 - bytes - 25.584 ms
[2026-04-18 01:05:42:542] http: GET /api/patient/profiles 304 - bytes - 25.623 ms
[2026-04-18 01:05:42:542] http: GET /api/ehr/patients/ee20c300-89fa-4062-8d87-2cbd09570fb4/profile 304 - bytes - 78.906 ms
[2026-04-18 01:05:42:542] http: GET /api/ehr/patients/ee20c300-89fa-4062-8d87-2cbd09570fb4/active-conditions 304 - bytes - 78.037 ms
[2026-04-18 01:05:42:542] http: GET /api/ehr/patients/ee20c300-89fa-4062-8d87-2cbd09570fb4/health-summary 304 - bytes - 84.099 ms
[2026-04-18 01:05:42:542] http: GET /api/ehr/patients/ee20c300-89fa-4062-8d87-2cbd09570fb4/insurance-status 304 - bytes - 81.023 ms
[2026-04-18 01:05:42:542] http: GET /api/ehr/patients/ee20c300-89fa-4062-8d87-2cbd09570fb4/diagnosis-history?limit=5 304 - bytes - 86.321 ms
[2026-04-18 01:05:42:542] http: GET /api/ehr/patients/ee20c300-89fa-4062-8d87-2cbd09570fb4/current-medications 304 - bytes - 83.120 ms
[2026-04-18 01:05:42:542] http: GET /api/ehr/patients/ee20c300-89fa-4062-8d87-2cbd09570fb4/allergies 304 - bytes - 32.280 ms
[2026-04-18 01:05:42:542] http: GET /api/ehr/patients/ee20c300-89fa-4062-8d87-2cbd09570fb4/health-metrics?limit=50 304 - bytes - 35.385 ms
[2026-04-18 01:05:42:542] http: GET /api/ehr/patients/ee20c300-89fa-4062-8d87-2cbd09570fb4/timeline?limit=6 304 - bytes - 44.216 ms
[2026-04-18 01:05:51:551] http: GET /api/ehr/patients/f0ec64ee-58cc-4366-b181-ed71cee46281/profile 200 852 bytes - 51.560 ms
[2026-04-18 01:05:51:551] http: GET /api/ehr/patients/f0ec64ee-58cc-4366-b181-ed71cee46281/active-conditions 200 100 bytes - 40.766 ms
[2026-04-18 01:05:51:551] http: GET /api/ehr/patients/f0ec64ee-58cc-4366-b181-ed71cee46281/insurance-status 200 84 bytes - 48.053 ms
[2026-04-18 01:05:51:551] http: GET /api/ehr/patients/f0ec64ee-58cc-4366-b181-ed71cee46281/health-summary 200 421 bytes - 60.095 ms
[2026-04-18 01:05:51:551] http: GET /api/ehr/patients/f0ec64ee-58cc-4366-b181-ed71cee46281/current-medications 304 - bytes - 49.199 ms
[2026-04-18 01:05:51:551] http: GET /api/ehr/patients/f0ec64ee-58cc-4366-b181-ed71cee46281/diagnosis-history?limit=5 200 136 bytes - 58.450 ms
[2026-04-18 01:05:51:551] http: GET /api/ehr/patients/f0ec64ee-58cc-4366-b181-ed71cee46281/allergies 304 - bytes - 31.178 ms
[2026-04-18 01:05:51:551] http: GET /api/ehr/patients/f0ec64ee-58cc-4366-b181-ed71cee46281/timeline?limit=6 200 142 bytes - 36.177 ms
[2026-04-18 01:05:51:551] http: GET /api/ehr/patients/f0ec64ee-58cc-4366-b181-ed71cee46281/health-metrics?limit=50 200 122 bytes - 28.595 ms
[2026-04-18 01:05:53:553] http: GET /api/ehr/patients/ee20c300-89fa-4062-8d87-2cbd09570fb4/health-summary 304 - bytes - 63.185 ms
[2026-04-18 01:05:53:553] http: GET /api/ehr/patients/ee20c300-89fa-4062-8d87-2cbd09570fb4/insurance-status 304 - bytes - 55.212 ms
[2026-04-18 01:05:53:553] http: GET /api/ehr/patients/ee20c300-89fa-4062-8d87-2cbd09570fb4/profile 304 - bytes - 96.402 ms
[2026-04-18 01:05:53:553] http: GET /api/ehr/patients/ee20c300-89fa-4062-8d87-2cbd09570fb4/current-medications 304 - bytes - 61.592 ms
[2026-04-18 01:05:53:553] http: GET /api/ehr/patients/ee20c300-89fa-4062-8d87-2cbd09570fb4/active-conditions 304 - bytes - 87.130 ms
[2026-04-18 01:05:53:553] http: GET /api/ehr/patients/ee20c300-89fa-4062-8d87-2cbd09570fb4/diagnosis-history?limit=5 304 - bytes - 87.859 ms
[2026-04-18 01:05:53:553] http: GET /api/ehr/patients/ee20c300-89fa-4062-8d87-2cbd09570fb4/allergies 304 - bytes - 52.200 ms
[2026-04-18 01:05:53:553] http: GET /api/ehr/patients/ee20c300-89fa-4062-8d87-2cbd09570fb4/health-metrics?limit=50 304 - bytes - 34.829 ms
[2026-04-18 01:05:53:553] http: GET /api/ehr/patients/ee20c300-89fa-4062-8d87-2cbd09570fb4/timeline?limit=6 304 - bytes - 48.543 ms
[2026-04-18 01:06:26:626] http: GET /api/notifications/inbox?page=1&limit=10 304 - bytes - 36.722 ms
[2026-04-18 01:06:26:626] http: GET /api/notifications/inbox?page=1&limit=10 304 - bytes - 35.080 ms
[2026-04-18 01:06:26:626] http: GET /api/patient/profiles 304 - bytes - 62.030 ms
[2026-04-18 01:06:26:626] http: GET /api/patient/profiles 304 - bytes - 28.125 ms
[2026-04-18 01:06:26:626] http: GET /api/ehr/patients/ee20c300-89fa-4062-8d87-2cbd09570fb4/health-summary 304 - bytes - 83.599 ms
[2026-04-18 01:06:26:626] http: GET /api/ehr/patients/ee20c300-89fa-4062-8d87-2cbd09570fb4/profile 304 - bytes - 92.089 ms
[2026-04-18 01:06:26:626] http: GET /api/ehr/patients/ee20c300-89fa-4062-8d87-2cbd09570fb4/active-conditions 304 - bytes - 100.490 ms
[2026-04-18 01:06:26:626] http: GET /api/ehr/patients/ee20c300-89fa-4062-8d87-2cbd09570fb4/insurance-status 304 - bytes - 84.659 ms
[2026-04-18 01:06:26:626] http: GET /api/ehr/patients/ee20c300-89fa-4062-8d87-2cbd09570fb4/diagnosis-history?limit=5 304 - bytes - 96.969 ms
[2026-04-18 01:06:26:626] http: GET /api/ehr/patients/ee20c300-89fa-4062-8d87-2cbd09570fb4/timeline?limit=6 304 - bytes - 105.712 ms
[2026-04-18 01:06:26:626] http: GET /api/ehr/patients/ee20c300-89fa-4062-8d87-2cbd09570fb4/allergies 304 - bytes - 32.384 ms
[2026-04-18 01:06:26:626] http: GET /api/ehr/patients/ee20c300-89fa-4062-8d87-2cbd09570fb4/current-medications 304 - bytes - 44.904 ms
[2026-04-18 01:06:26:626] http: GET /api/ehr/patients/ee20c300-89fa-4062-8d87-2cbd09570fb4/health-metrics?limit=50 304 - bytes - 35.633 ms
[2026-04-18 01:06:56:656] http: GET /api/notifications/inbox?page=1&limit=10 304 - bytes - 38.458 ms
[2026-04-18 01:06:56:656] http: GET /api/patient/profiles 304 - bytes - 22.831 ms
[2026-04-18 01:06:56:656] http: GET /api/patient/profiles 304 - bytes - 17.180 ms
[2026-04-18 01:06:56:656] http: GET /api/notifications/inbox?page=1&limit=10 304 - bytes - 31.526 ms
[2026-04-18 01:06:56:656] http: GET /api/ehr/patients/ee20c300-89fa-4062-8d87-2cbd09570fb4/health-summary 304 - bytes - 73.326 ms
[2026-04-18 01:06:56:656] http: GET /api/ehr/patients/ee20c300-89fa-4062-8d87-2cbd09570fb4/profile 304 - bytes - 86.158 ms
[2026-04-18 01:06:56:656] http: GET /api/ehr/patients/ee20c300-89fa-4062-8d87-2cbd09570fb4/diagnosis-history?limit=5 304 - bytes - 90.228 ms
[2026-04-18 01:06:56:656] http: GET /api/ehr/patients/ee20c300-89fa-4062-8d87-2cbd09570fb4/insurance-status 304 - bytes - 90.289 ms
[2026-04-18 01:06:56:656] http: GET /api/ehr/patients/ee20c300-89fa-4062-8d87-2cbd09570fb4/active-conditions 304 - bytes - 96.904 ms
[2026-04-18 01:06:56:656] http: GET /api/ehr/patients/ee20c300-89fa-4062-8d87-2cbd09570fb4/current-medications 304 - bytes - 90.882 ms
[2026-04-18 01:06:56:656] http: GET /api/ehr/patients/ee20c300-89fa-4062-8d87-2cbd09570fb4/allergies 304 - bytes - 37.137 ms
[2026-04-18 01:06:56:656] http: GET /api/ehr/patients/ee20c300-89fa-4062-8d87-2cbd09570fb4/timeline?limit=6 304 - bytes - 49.041 ms
[2026-04-18 01:06:56:656] http: GET /api/ehr/patients/ee20c300-89fa-4062-8d87-2cbd09570fb4/health-metrics?limit=50 304 - bytes - 33.082 ms
[2026-04-18 01:07:01:71] http: GET /api/ehr/patients/f0ec64ee-58cc-4366-b181-ed71cee46281/profile 304 - bytes - 56.708 ms
[2026-04-18 01:07:01:71] http: GET /api/ehr/patients/f0ec64ee-58cc-4366-b181-ed71cee46281/health-summary 304 - bytes - 64.037 ms
[2026-04-18 01:07:01:71] http: GET /api/ehr/patients/f0ec64ee-58cc-4366-b181-ed71cee46281/active-conditions 304 - bytes - 62.375 ms
[2026-04-18 01:07:01:71] http: GET /api/ehr/patients/f0ec64ee-58cc-4366-b181-ed71cee46281/current-medications 304 - bytes - 54.961 ms
[2026-04-18 01:07:01:71] http: GET /api/ehr/patients/f0ec64ee-58cc-4366-b181-ed71cee46281/insurance-status 304 - bytes - 60.745 ms
[2026-04-18 01:07:01:71] http: GET /api/ehr/patients/f0ec64ee-58cc-4366-b181-ed71cee46281/diagnosis-history?limit=5 304 - bytes - 69.510 ms
[2026-04-18 01:07:01:71] http: GET /api/ehr/patients/f0ec64ee-58cc-4366-b181-ed71cee46281/allergies 304 - bytes - 42.178 ms
[2026-04-18 01:07:01:71] http: GET /api/ehr/patients/f0ec64ee-58cc-4366-b181-ed71cee46281/health-metrics?limit=50 304 - bytes - 25.189 ms
[2026-04-18 01:07:01:71] http: GET /api/ehr/patients/f0ec64ee-58cc-4366-b181-ed71cee46281/timeline?limit=6 304 - bytes - 42.209 ms
[2026-04-18 01:07:02:72] http: GET /api/ehr/patients/PAT_001/active-conditions 304 - bytes - 43.235 ms
[2026-04-18 01:07:02:72] http: GET /api/ehr/patients/PAT_001/health-summary 200 1407 bytes - 57.544 ms
[2026-04-18 01:07:02:72] http: GET /api/ehr/patients/PAT_001/insurance-status 304 - bytes - 49.759 ms
[2026-04-18 01:07:02:72] http: GET /api/ehr/patients/PAT_001/profile 200 5481 bytes - 65.349 ms
[2026-04-18 01:07:02:72] http: GET /api/ehr/patients/PAT_001/diagnosis-history?limit=5 304 - bytes - 56.991 ms
[2026-04-18 01:07:02:72] http: GET /api/ehr/patients/PAT_001/current-medications 304 - bytes - 52.851 ms
[2026-04-18 01:07:02:72] http: GET /api/ehr/patients/PAT_001/allergies 304 - bytes - 38.656 ms
[2026-04-18 01:07:02:72] http: GET /api/ehr/patients/PAT_001/health-metrics?limit=50 304 - bytes - 28.992 ms
[2026-04-18 01:07:02:72] http: GET /api/ehr/patients/PAT_001/timeline?limit=6 304 - bytes - 39.133 ms
[2026-04-18 01:07:07:77] http: GET /api/billing/pricing/catalog 304 - bytes - 12.065 ms
[2026-04-18 01:07:07:77] http: GET /api/patient/profiles 304 - bytes - 21.044 ms
[2026-04-18 01:07:07:77] http: GET /api/billing/pricing/catalog 304 - bytes - 12.796 ms
[2026-04-18 01:07:07:77] http: GET /api/patient/profiles 304 - bytes - 20.182 ms
[2026-04-18 01:07:07:77] http: GET /api/billing/invoices/by-patient/PAT_001?limit=50 304 - bytes - 18.467 ms
[2026-04-18 01:07:26:726] http: GET /api/profile/me 304 - bytes - 23.067 ms
[2026-04-18 01:07:26:726] http: GET /api/profile/me 304 - bytes - 20.459 ms
[2026-04-18 01:07:29:729] http: GET /api/profile/sessions 200 702 bytes - 23.218 ms
[2026-04-18 01:07:39:739] http: GET /api/teleconsultation/booking/my-bookings?patientId=USR_PAT_121&status=scheduled 304 - bytes - 20.110 ms
[2026-04-18 01:07:39:739] http: GET /api/teleconsultation/booking/my-bookings?patientId=USR_PAT_121&status=scheduled 304 - bytes - 16.567 ms
[2026-04-18 01:07:56:756] http: GET /api/notifications/inbox?page=1&limit=10 304 - bytes - 29.281 ms
[2026-04-18 01:08:46:846] http: GET /api/teleconsultation/booking/my-bookings?patientId=USR_PAT_121&status=scheduled 304 - bytes - 56.395 ms
[2026-04-18 01:08:46:846] http: GET /api/notifications/inbox?page=1&limit=10 304 - bytes - 62.964 ms
[2026-04-18 01:08:46:846] http: GET /api/teleconsultation/booking/my-bookings?patientId=USR_PAT_121&status=scheduled 304 - bytes - 171.938 ms
[2026-04-18 01:08:46:846] http: GET /api/notifications/inbox?page=1&limit=10 304 - bytes - 177.782 ms
[2026-04-18 01:09:01:91] http: GET /api/profile/me 304 - bytes - 23.319 ms
[2026-04-18 01:09:01:91] http: GET /api/profile/me 304 - bytes - 19.444 ms
[2026-04-18 01:09:37:937] http: GET /api/billing/pricing/catalog 304 - bytes - 54.131 ms
[2026-04-18 01:09:37:937] http: GET /api/patient/profiles 304 - bytes - 58.991 ms
[2026-04-18 01:09:37:937] http: GET /api/billing/pricing/catalog 304 - bytes - 51.109 ms
[2026-04-18 01:09:37:937] http: GET /api/patient/profiles 304 - bytes - 180.859 ms
[2026-04-18 01:09:37:937] http: GET /api/billing/invoices/by-patient/PAT_001?limit=50 304 - bytes - 23.743 ms
[2026-04-18 01:09:46:946] http: GET /api/notifications/inbox?page=1&limit=10 304 - bytes - 33.935 ms
[2026-04-18 01:10:46:1046] http: GET /api/notifications/inbox?page=1&limit=10 304 - bytes - 60.836 ms
[2026-04-18 01:11:09:119] http: GET /api/patient/profiles 304 - bytes - 34.172 ms
[2026-04-18 01:11:09:119] http: GET /api/patient/profiles 304 - bytes - 28.334 ms
[2026-04-18 01:11:09:119] http: GET /api/ehr/patients/PAT_001/medication-records/current 304 - bytes - 26.906 ms
[2026-04-18 01:11:09:119] http: GET /api/ehr/patients/PAT_001/medication-adherence?from_date=2026-04-11&to_date=2026-04-17 304 - bytes - 58.845 ms
[2026-04-18 01:11:21:1121] http: GET /api/patient/profiles 304 - bytes - 24.099 ms
[2026-04-18 01:11:21:1121] http: GET /api/patient/profiles 304 - bytes - 21.238 ms
[2026-04-18 01:11:21:1121] http: GET /api/patients/PAT_001/insurances 304 - bytes - 44.733 ms
[2026-04-18 01:11:21:1121] http: GET /api/patients/f0ec64ee-58cc-4366-b181-ed71cee46281/insurances 304 - bytes - 50.397 ms
[2026-04-18 01:11:21:1121] http: GET /api/patients/PAT_001/insurances 304 - bytes - 38.106 ms
[2026-04-18 01:11:21:1121] http: GET /api/patients/f0ec64ee-58cc-4366-b181-ed71cee46281/insurances 304 - bytes - 27.017 ms
[2026-04-18 01:11:21:1121] http: GET /api/patients/ee20c300-89fa-4062-8d87-2cbd09570fb4/insurances 304 - bytes - 84.007 ms
[2026-04-18 01:11:21:1121] http: GET /api/patients/ee20c300-89fa-4062-8d87-2cbd09570fb4/insurances 304 - bytes - 38.003 ms
[2026-04-18 01:11:27:1127] http: PUT /api/patient/profiles/ee20c300-89fa-4062-8d87-2cbd09570fb4 200 678 bytes - 33.293 ms
[2026-04-18 01:11:28:1128] http: GET /api/patient/profiles 200 2668 bytes - 23.729 ms
[2026-04-18 01:11:28:1128] http: GET /api/patients/PAT_001/insurances 304 - bytes - 35.973 ms
[2026-04-18 01:11:28:1128] http: GET /api/patients/ee20c300-89fa-4062-8d87-2cbd09570fb4/insurances 304 - bytes - 33.095 ms
[2026-04-18 01:11:28:1128] http: GET /api/patients/f0ec64ee-58cc-4366-b181-ed71cee46281/insurances 304 - bytes - 36.311 ms
[2026-04-18 01:11:30:1130] http: GET /api/patient/profiles 304 - bytes - 19.905 ms
[2026-04-18 01:11:30:1130] http: GET /api/patient/profiles 304 - bytes - 18.815 ms
[2026-04-18 01:11:30:1130] http: GET /api/ehr/patients/PAT_001/health-summary 200 1407 bytes - 64.089 ms
[2026-04-18 01:11:30:1130] http: GET /api/ehr/patients/PAT_001/active-conditions 304 - bytes - 61.981 ms
[2026-04-18 01:11:30:1130] http: GET /api/ehr/patients/PAT_001/profile 200 5481 bytes - 77.251 ms
[2026-04-18 01:11:30:1130] http: GET /api/ehr/patients/PAT_001/insurance-status 304 - bytes - 73.547 ms
[2026-04-18 01:11:30:1130] http: GET /api/ehr/patients/PAT_001/current-medications 304 - bytes - 73.212 ms
[2026-04-18 01:11:30:1130] http: GET /api/ehr/patients/PAT_001/diagnosis-history?limit=5 304 - bytes - 80.455 ms
[2026-04-18 01:11:30:1130] http: GET /api/ehr/patients/PAT_001/allergies 304 - bytes - 30.654 ms
[2026-04-18 01:11:30:1130] http: GET /api/ehr/patients/PAT_001/timeline?limit=6 304 - bytes - 40.171 ms
[2026-04-18 01:11:30:1130] http: GET /api/ehr/patients/PAT_001/health-metrics?limit=50 304 - bytes - 33.274 ms
[2026-04-18 01:11:32:1132] http: GET /api/patient/profiles 304 - bytes - 22.611 ms
[2026-04-18 01:11:33:1133] http: GET /api/patient/profiles 304 - bytes - 21.283 ms
[2026-04-18 01:11:33:1133] http: GET /api/ehr/patients/PAT_001/medication-adherence?from_date=2026-04-11&to_date=2026-04-17 304 - bytes - 29.497 ms
[2026-04-18 01:11:33:1133] http: GET /api/ehr/patients/PAT_001/medication-records/current 304 - bytes - 35.650 ms
[2026-04-18 01:11:35:1135] http: GET /api/patient/profiles 304 - bytes - 20.988 ms
[2026-04-18 01:11:35:1135] http: GET /api/patient/profiles 304 - bytes - 23.567 ms
[2026-04-18 01:11:35:1135] http: GET /api/ehr/patients/PAT_001/health-summary 200 1407 bytes - 56.273 ms
[2026-04-18 01:11:35:1135] http: GET /api/ehr/patients/PAT_001/active-conditions 304 - bytes - 54.954 ms
[2026-04-18 01:11:35:1135] http: GET /api/ehr/patients/PAT_001/insurance-status 304 - bytes - 48.125 ms
[2026-04-18 01:11:35:1135] http: GET /api/ehr/patients/PAT_001/profile 200 5481 bytes - 64.560 ms
[2026-04-18 01:11:35:1135] http: GET /api/ehr/patients/PAT_001/current-medications 304 - bytes - 57.997 ms
[2026-04-18 01:11:35:1135] http: GET /api/ehr/patients/PAT_001/diagnosis-history?limit=5 304 - bytes - 65.446 ms
[2026-04-18 01:11:35:1135] http: GET /api/ehr/patients/PAT_001/allergies 304 - bytes - 38.215 ms
[2026-04-18 01:11:35:1135] http: GET /api/ehr/patients/PAT_001/health-metrics?limit=50 304 - bytes - 33.582 ms
[2026-04-18 01:11:35:1135] http: GET /api/ehr/patients/PAT_001/timeline?limit=6 304 - bytes - 41.801 ms
[2026-04-18 01:11:38:1138] http: GET /api/patient/profiles 304 - bytes - 21.988 ms
[2026-04-18 01:11:38:1138] http: GET /api/patient/profiles 304 - bytes - 32.516 ms
[2026-04-18 01:11:38:1138] http: GET /api/medical-records/by-patient/PAT_001 304 - bytes - 22.497 ms
[2026-04-18 01:11:38:1138] http: GET /api/medical-records/by-patient/PAT_001/timeline 304 - bytes - 23.865 ms
[2026-04-18 01:11:46:1146] http: GET /api/notifications/inbox?page=1&limit=10 304 - bytes - 26.325 ms
[2026-04-18 01:12:04:124] http: GET /api/patient/profiles 304 - bytes - 16.948 ms
[2026-04-18 01:12:04:124] http: GET /api/patient/profiles 304 - bytes - 20.001 ms
[2026-04-18 01:12:04:124] http: GET /api/patients/PAT_001/insurances 304 - bytes - 29.575 ms
[2026-04-18 01:12:04:124] http: GET /api/patients/f0ec64ee-58cc-4366-b181-ed71cee46281/insurances 304 - bytes - 30.847 ms
[2026-04-18 01:12:04:124] http: GET /api/patients/ee20c300-89fa-4062-8d87-2cbd09570fb4/insurances 304 - bytes - 31.357 ms
[2026-04-18 01:12:04:124] http: GET /api/patients/PAT_001/insurances 304 - bytes - 29.098 ms
[2026-04-18 01:12:04:124] http: GET /api/patients/f0ec64ee-58cc-4366-b181-ed71cee46281/insurances 304 - bytes - 26.976 ms
[2026-04-18 01:12:04:124] http: GET /api/patients/ee20c300-89fa-4062-8d87-2cbd09570fb4/insurances 304 - bytes - 32.279 ms
[2026-04-18 01:12:05:125] http: GET /api/patient/profiles 304 - bytes - 22.273 ms
[2026-04-18 01:12:05:125] http: GET /api/patient/profiles 304 - bytes - 20.754 ms
[2026-04-18 01:12:05:125] http: GET /api/medical-records/by-patient/PAT_001/timeline 304 - bytes - 15.401 ms
[2026-04-18 01:12:05:125] http: GET /api/medical-records/by-patient/PAT_001 304 - bytes - 19.918 ms
[2026-04-18 01:12:06:126] http: GET /api/patient/profiles 304 - bytes - 23.936 ms
[2026-04-18 01:12:06:126] http: GET /api/patient/profiles 304 - bytes - 19.321 ms
[2026-04-18 01:12:06:126] http: GET /api/ehr/patients/PAT_001/active-conditions 304 - bytes - 48.460 ms
[2026-04-18 01:12:06:126] http: GET /api/ehr/patients/PAT_001/health-summary 200 1407 bytes - 67.200 ms
[2026-04-18 01:12:06:126] http: GET /api/ehr/patients/PAT_001/profile 200 5481 bytes - 74.358 ms
[2026-04-18 01:12:06:126] http: GET /api/ehr/patients/PAT_001/insurance-status 304 - bytes - 73.877 ms
[2026-04-18 01:12:06:126] http: GET /api/ehr/patients/PAT_001/current-medications 304 - bytes - 75.485 ms
[2026-04-18 01:12:06:126] http: GET /api/ehr/patients/PAT_001/allergies 304 - bytes - 35.952 ms
[2026-04-18 01:12:06:126] http: GET /api/ehr/patients/PAT_001/diagnosis-history?limit=5 304 - bytes - 85.978 ms
[2026-04-18 01:12:06:126] http: GET /api/ehr/patients/PAT_001/timeline?limit=6 304 - bytes - 31.593 ms
[2026-04-18 01:12:06:126] http: GET /api/ehr/patients/PAT_001/health-metrics?limit=50 304 - bytes - 30.566 ms
[2026-04-18 01:12:08:128] http: GET /api/patient/profiles 304 - bytes - 18.468 ms
[2026-04-18 01:12:08:128] http: GET /api/patient/profiles 304 - bytes - 20.646 ms
[2026-04-18 01:12:08:128] http: GET /api/ehr/patients/PAT_001/medication-adherence?from_date=2026-04-11&to_date=2026-04-17 304 - bytes - 22.024 ms
[2026-04-18 01:12:08:128] http: GET /api/ehr/patients/PAT_001/medication-records/current 304 - bytes - 25.115 ms
[2026-04-18 01:12:46:1246] http: GET /api/notifications/inbox?page=1&limit=10 304 - bytes - 59.372 ms
[2026-04-18 01:13:46:1346] http: GET /api/notifications/inbox?page=1&limit=10 304 - bytes - 57.123 ms
[2026-04-18 01:14:46:1446] http: GET /api/notifications/inbox?page=1&limit=10 304 - bytes - 48.988 ms
[2026-04-18 01:15:50:1550] http: GET /api/notifications/inbox?page=1&limit=10 304 - bytes - 69.255 ms
[2026-04-18 01:16:50:1650] http: GET /api/notifications/inbox?page=1&limit=10 304 - bytes - 69.559 ms
[2026-04-18 01:17:50:1750] http: GET /api/notifications/inbox?page=1&limit=10 304 - bytes - 60.311 ms
[2026-04-18 01:18:02:182] http: GET /api/patient/profiles 304 - bytes - 23.146 ms
[2026-04-18 01:18:02:182] http: GET /api/patient/profiles 304 - bytes - 19.663 ms
[2026-04-18 01:18:03:183] http: GET /api/ehr/patients/PAT_001/active-conditions 304 - bytes - 74.328 ms
[2026-04-18 01:18:03:183] http: GET /api/ehr/patients/PAT_001/insurance-status 304 - bytes - 70.666 ms
[2026-04-18 01:18:03:183] http: GET /api/ehr/patients/PAT_001/profile 200 5481 bytes - 84.608 ms
[2026-04-18 01:18:03:183] http: GET /api/ehr/patients/PAT_001/health-summary 200 1407 bytes - 94.160 ms
[2026-04-18 01:18:03:183] http: GET /api/ehr/patients/PAT_001/current-medications 304 - bytes - 86.961 ms
[2026-04-18 01:18:03:183] http: GET /api/ehr/patients/PAT_001/diagnosis-history?limit=5 304 - bytes - 96.609 ms
[2026-04-18 01:18:03:183] http: GET /api/ehr/patients/PAT_001/allergies 304 - bytes - 31.105 ms
[2026-04-18 01:18:03:183] http: GET /api/ehr/patients/PAT_001/health-metrics?limit=50 304 - bytes - 29.538 ms
[2026-04-18 01:18:03:183] http: GET /api/ehr/patients/PAT_001/timeline?limit=6 304 - bytes - 35.430 ms
[2026-04-18 01:18:46:1846] http: GET /api/notifications/inbox?page=1&limit=10 304 - bytes - 81.335 ms
[2026-04-18 01:19:46:1946] http: GET /api/notifications/inbox?page=1&limit=10 401 100 bytes - 1.089 ms
[2026-04-18 01:19:46:1946] http: POST /api/auth/refresh-token 200 605 bytes - 70.066 ms
[2026-04-18 01:19:46:1946] http: GET /api/notifications/inbox?page=1&limit=10 304 - bytes - 26.685 ms
[2026-04-18 01:20:46:2046] http: GET /api/notifications/inbox?page=1&limit=10 304 - bytes - 61.620 ms
[2026-04-18 01:21:50:2150] http: GET /api/notifications/inbox?page=1&limit=10 304 - bytes - 53.649 ms
[2026-04-18 01:22:50:2250] http: GET /api/notifications/inbox?page=1&limit=10 304 - bytes - 63.381 ms
[2026-04-18 01:23:50:2350] http: GET /api/notifications/inbox?page=1&limit=10 304 - bytes - 52.384 ms
[2026-04-18 01:23:53:2353] http: GET /api/notifications/inbox?page=1&limit=10 304 - bytes - 37.436 ms
[2026-04-18 01:23:53:2353] http: GET /api/notifications/inbox?page=1&limit=10 304 - bytes - 32.821 ms
[2026-04-18 01:23:53:2353] http: GET /api/patient/profiles 304 - bytes - 75.825 ms
[2026-04-18 01:23:53:2353] http: GET /api/patient/profiles 304 - bytes - 30.273 ms
[2026-04-18 01:23:53:2353] http: GET /api/ehr/patients/PAT_001/profile 200 5481 bytes - 63.612 ms
[2026-04-18 01:23:53:2353] http: GET /api/ehr/patients/PAT_001/health-summary 200 1407 bytes - 64.025 ms
[2026-04-18 01:23:53:2353] http: GET /api/ehr/patients/PAT_001/insurance-status 304 - bytes - 72.493 ms
[2026-04-18 01:23:53:2353] http: GET /api/ehr/patients/PAT_001/active-conditions 304 - bytes - 77.328 ms
[2026-04-18 01:23:53:2353] http: GET /api/ehr/patients/PAT_001/current-medications 304 - bytes - 69.975 ms
[2026-04-18 01:23:53:2353] http: GET /api/ehr/patients/PAT_001/diagnosis-history?limit=5 304 - bytes - 77.721 ms
[2026-04-18 01:23:53:2353] http: GET /api/ehr/patients/PAT_001/allergies 304 - bytes - 28.372 ms
[2026-04-18 01:23:53:2353] http: GET /api/ehr/patients/PAT_001/timeline?limit=6 304 - bytes - 42.288 ms
[2026-04-18 01:23:53:2353] http: GET /api/ehr/patients/PAT_001/health-metrics?limit=50 304 - bytes - 32.377 ms
[2026-04-18 01:25:06:256] http: GET /api/notifications/inbox?page=1&limit=10 304 - bytes - 33.533 ms
[2026-04-18 01:25:06:256] http: GET /api/profile/me 304 - bytes - 24.484 ms
[2026-04-18 01:25:06:256] http: GET /api/notifications/inbox?page=1&limit=10 304 - bytes - 28.173 ms
[2026-04-18 01:25:06:256] http: GET /api/profile/me 304 - bytes - 18.771 ms
[2026-04-18 01:25:56:2556] http: GET /api/profile/me 304 - bytes - 90.473 ms
[2026-04-18 01:25:56:2556] http: GET /api/notifications/inbox?page=1&limit=10 304 - bytes - 104.777 ms
[2026-04-18 01:25:56:2556] http: GET /api/profile/me 304 - bytes - 19.152 ms
[2026-04-18 01:25:56:2556] http: GET /api/notifications/inbox?page=1&limit=10 304 - bytes - 27.186 ms
[2026-04-18 01:26:04:264] http: GET /api/profile/sessions 200 702 bytes - 17.441 ms
[2026-04-18 01:26:32:2632] http: GET /api/patient/profiles 304 - bytes - 19.988 ms
[2026-04-18 01:26:32:2632] http: GET /api/patient/profiles 304 - bytes - 17.236 ms
[2026-04-18 01:26:32:2632] http: GET /api/medical-records/by-patient/PAT_001 304 - bytes - 17.894 ms
[2026-04-18 01:26:32:2632] http: GET /api/medical-records/by-patient/PAT_001/timeline 304 - bytes - 50.837 ms
[2026-04-18 01:26:34:2634] http: GET /api/patient/profiles 304 - bytes - 28.358 ms
[2026-04-18 01:26:34:2634] http: GET /api/patient/profiles 304 - bytes - 21.535 ms
[2026-04-18 01:26:34:2634] http: GET /api/ehr/patients/PAT_001/medication-records/current 304 - bytes - 25.919 ms
[2026-04-18 01:26:34:2634] http: GET /api/ehr/patients/PAT_001/medication-adherence?from_date=2026-04-11&to_date=2026-04-17 304 - bytes - 52.797 ms
[2026-04-18 01:26:58:2658] http: GET /api/billing/pricing/catalog 304 - bytes - 12.565 ms
[2026-04-18 01:26:58:2658] http: GET /api/patient/profiles 304 - bytes - 15.558 ms
[2026-04-18 01:26:58:2658] http: GET /api/notifications/inbox?page=1&limit=10 304 - bytes - 29.700 ms
[2026-04-18 01:26:58:2658] http: GET /api/billing/pricing/catalog 304 - bytes - 12.577 ms
[2026-04-18 01:26:58:2658] http: GET /api/patient/profiles 304 - bytes - 17.498 ms
[2026-04-18 01:26:58:2658] http: GET /api/notifications/inbox?page=1&limit=10 304 - bytes - 29.074 ms
[2026-04-18 01:26:58:2658] http: GET /api/billing/invoices/by-patient/PAT_001?limit=50 304 - bytes - 20.245 ms
[2026-04-18 01:27:07:277] http: GET /api/billing/invoices/by-patient/PAT_001?limit=50 304 - bytes - 20.324 ms
[2026-04-18 01:27:11:2711] http: GET /api/billing/pricing/catalog 304 - bytes - 13.509 ms
[2026-04-18 01:27:11:2711] http: GET /api/patient/profiles 304 - bytes - 20.610 ms
[2026-04-18 01:27:11:2711] http: GET /api/billing/pricing/catalog 304 - bytes - 12.185 ms
[2026-04-18 01:27:11:2711] http: GET /api/notifications/inbox?page=1&limit=10 304 - bytes - 42.035 ms
[2026-04-18 01:27:11:2711] http: GET /api/patient/profiles 304 - bytes - 26.804 ms
[2026-04-18 01:27:11:2711] http: GET /api/billing/invoices/by-patient/PAT_001?limit=50 304 - bytes - 18.290 ms
[2026-04-18 01:27:11:2711] http: GET /api/notifications/inbox?page=1&limit=10 304 - bytes - 30.396 ms
[2026-04-18 01:28:11:2811] http: GET /api/notifications/inbox?page=1&limit=10 304 - bytes - 35.771 ms
[2026-04-18 01:29:11:2911] http: GET /api/notifications/inbox?page=1&limit=10 304 - bytes - 30.015 ms
[2026-04-18 01:30:11:3011] http: GET /api/notifications/inbox?page=1&limit=10 304 - bytes - 26.171 ms
[2026-04-18 01:31:11:3111] http: GET /api/notifications/inbox?page=1&limit=10 304 - bytes - 36.947 ms
[2026-04-18 01:32:11:3211] http: GET /api/notifications/inbox?page=1&limit=10 304 - bytes - 30.534 ms
[2026-04-18 01:33:11:3311] http: GET /api/notifications/inbox?page=1&limit=10 304 - bytes - 34.972 ms
[2026-04-18 01:34:12:3412] http: GET /api/notifications/inbox?page=1&limit=10 304 - bytes - 30.098 ms
[2026-04-18 01:35:11:3511] http: GET /api/notifications/inbox?page=1&limit=10 304 - bytes - 31.440 ms
[2026-04-18 01:36:50:3650] http: GET /api/notifications/inbox?page=1&limit=10 304 - bytes - 60.404 ms
[2026-04-18 01:37:50:3750] http: GET /api/notifications/inbox?page=1&limit=10 304 - bytes - 73.603 ms
[2026-04-18 01:38:30:3830] http: GET /api/notifications/inbox?page=1&limit=10 304 - bytes - 67.160 ms
[2026-04-18 01:38:34:3834] http: GET /api/patient/profiles 304 - bytes - 28.531 ms
[2026-04-18 01:38:34:3834] http: GET /api/patient/profiles 304 - bytes - 24.719 ms
[2026-04-18 01:38:34:3834] http: GET /api/ehr/patients/PAT_001/medication-records/current 304 - bytes - 31.675 ms
[2026-04-18 01:38:34:3834] http: GET /api/ehr/patients/PAT_001/medication-adherence?from_date=2026-04-11&to_date=2026-04-17 304 - bytes - 62.266 ms
[2026-04-18 01:38:35:3835] http: GET /api/patient/profiles 304 - bytes - 20.287 ms
[2026-04-18 01:38:35:3835] http: GET /api/patient/profiles 304 - bytes - 19.334 ms
[2026-04-18 01:38:35:3835] http: GET /api/ehr/patients/PAT_001/health-summary 200 1407 bytes - 71.409 ms
[2026-04-18 01:38:35:3835] http: GET /api/ehr/patients/PAT_001/profile 200 5481 bytes - 79.157 ms
[2026-04-18 01:38:35:3835] http: GET /api/ehr/patients/PAT_001/active-conditions 304 - bytes - 78.929 ms
[2026-04-18 01:38:35:3835] http: GET /api/ehr/patients/PAT_001/diagnosis-history?limit=5 304 - bytes - 81.446 ms
[2026-04-18 01:38:35:3835] http: GET /api/ehr/patients/PAT_001/current-medications 304 - bytes - 74.944 ms
[2026-04-18 01:38:35:3835] http: GET /api/ehr/patients/PAT_001/insurance-status 304 - bytes - 80.050 ms
[2026-04-18 01:38:35:3835] http: GET /api/ehr/patients/PAT_001/allergies 304 - bytes - 24.201 ms
[2026-04-18 01:38:35:3835] http: GET /api/ehr/patients/PAT_001/timeline?limit=6 304 - bytes - 27.820 ms
[2026-04-18 01:38:35:3835] http: GET /api/ehr/patients/PAT_001/health-metrics?limit=50 304 - bytes - 26.636 ms
[2026-04-18 01:39:11:3911] http: GET /api/notifications/inbox?page=1&limit=10 304 - bytes - 23.598 ms
[2026-04-18 01:40:11:4011] http: GET /api/notifications/inbox?page=1&limit=10 304 - bytes - 29.263 ms
[2026-04-18 01:41:11:4111] http: GET /api/notifications/inbox?page=1&limit=10 304 - bytes - 31.690 ms
[2026-04-18 01:42:12:4212] http: GET /api/notifications/inbox?page=1&limit=10 304 - bytes - 30.521 ms
[2026-04-18 01:43:11:4311] http: GET /api/notifications/inbox?page=1&limit=10 304 - bytes - 30.224 ms
[2026-04-18 01:44:11:4411] http: GET /api/notifications/inbox?page=1&limit=10 304 - bytes - 28.115 ms
[2026-04-18 01:45:45:4545] http: GET /api/notifications/inbox?page=1&limit=10 304 - bytes - 59.156 ms
[2026-04-18 01:45:47:4547] http: GET /api/patient/profiles 304 - bytes - 19.528 ms
[2026-04-18 01:45:47:4547] http: GET /api/patient/profiles 304 - bytes - 18.045 ms
[2026-04-18 01:45:47:4547] http: GET /api/ehr/patients/PAT_001/medication-records/current 304 - bytes - 22.003 ms
[2026-04-18 01:45:47:4547] http: GET /api/ehr/patients/PAT_001/medication-adherence?from_date=2026-04-11&to_date=2026-04-17 304 - bytes - 56.694 ms
[2026-04-18 01:45:48:4548] http: GET /api/patient/profiles 304 - bytes - 19.557 ms
[2026-04-18 01:45:48:4548] http: GET /api/billing/pricing/catalog 304 - bytes - 11.884 ms
[2026-04-18 01:45:48:4548] http: GET /api/billing/pricing/catalog 304 - bytes - 13.312 ms
[2026-04-18 01:45:48:4548] http: GET /api/patient/profiles 304 - bytes - 18.568 ms
[2026-04-18 01:45:48:4548] http: GET /api/billing/invoices/by-patient/PAT_001?limit=50 304 - bytes - 19.700 ms
[2026-04-18 01:45:52:4552] http: GET /api/teleconsultation/booking/my-bookings?patientId=USR_PAT_121&status=scheduled 304 - bytes - 31.880 ms
[2026-04-18 01:45:52:4552] http: GET /api/teleconsultation/booking/my-bookings?patientId=USR_PAT_121&status=scheduled 304 - bytes - 18.035 ms
[2026-04-18 01:45:53:4553] http: GET /api/profile/me 304 - bytes - 20.311 ms
[2026-04-18 01:45:53:4553] http: GET /api/profile/me 304 - bytes - 17.332 ms
[2026-04-18 01:45:56:4556] http: GET /api/profile/sessions 200 702 bytes - 18.082 ms
[2026-04-18 01:46:11:4611] http: GET /api/notifications/inbox?page=1&limit=10 304 - bytes - 26.099 ms
[2026-04-18 01:47:50:4750] http: GET /api/notifications/inbox?page=1&limit=10 304 - bytes - 55.153 ms
[2026-04-18 01:48:50:4850] http: GET /api/notifications/inbox?page=1&limit=10 304 - bytes - 57.568 ms
[2026-04-18 01:49:45:4945] http: GET /api/notifications/inbox?page=1&limit=10 304 - bytes - 55.831 ms
[2026-04-18 01:50:14:5014] http: GET /api/notifications/inbox?page=1&limit=10 401 100 bytes - 1.058 ms
[2026-04-18 01:50:14:5014] http: POST /api/auth/refresh-token 200 605 bytes - 29.105 ms
[2026-04-18 01:50:14:5014] http: GET /api/notifications/inbox?page=1&limit=10 304 - bytes - 35.009 ms
[2026-04-18 01:51:49:5149] http: GET /api/notifications/inbox?page=1&limit=10 304 - bytes - 55.052 ms
[2026-04-18 01:52:26:5226] http: GET /api/notifications/inbox?page=1&limit=10 304 - bytes - 28.613 ms
[2026-04-18 01:53:50:5350] http: GET /api/notifications/inbox?page=1&limit=10 304 - bytes - 49.816 ms
[2026-04-18 01:54:50:5450] http: GET /api/notifications/inbox?page=1&limit=10 304 - bytes - 52.343 ms
[2026-04-18 01:55:50:5550] http: GET /api/notifications/inbox?page=1&limit=10 304 - bytes - 56.067 ms
[2026-04-18 01:56:12:5612] http: GET /api/notifications/inbox?page=1&limit=10 304 - bytes - 29.089 ms
[2026-04-18 01:57:50:5750] http: GET /api/notifications/inbox?page=1&limit=10 304 - bytes - 57.192 ms
[2026-04-18 01:58:18:5818] http: GET /api/notifications/inbox?page=1&limit=10 304 - bytes - 31.674 ms
[2026-04-18 01:58:20:5820] http: GET /api/notifications/inbox?page=1&limit=10 304 - bytes - 33.642 ms
[2026-04-18 01:58:20:5820] http: GET /api/notifications/inbox?page=1&limit=10 304 - bytes - 30.082 ms
[2026-04-18 01:58:20:5820] http: GET /api/profile/me 304 - bytes - 64.189 ms
[2026-04-18 01:58:21:5821] http: GET /api/profile/me 304 - bytes - 19.888 ms
[2026-04-18 01:58:23:5823] http: GET /api/profile/sessions 200 702 bytes - 17.839 ms
[2026-04-18 01:58:29:5829] http: GET /api/teleconsultation/booking/my-bookings?patientId=USR_PAT_121&status=scheduled 304 - bytes - 30.769 ms
[2026-04-18 01:58:29:5829] http: GET /api/teleconsultation/booking/my-bookings?patientId=USR_PAT_121&status=scheduled 304 - bytes - 226.274 ms
[2026-04-18 01:58:31:5831] http: GET /api/billing/pricing/catalog 304 - bytes - 14.681 ms
[2026-04-18 01:58:31:5831] http: GET /api/patient/profiles 304 - bytes - 20.941 ms
[2026-04-18 01:58:31:5831] http: GET /api/billing/pricing/catalog 304 - bytes - 13.618 ms
[2026-04-18 01:58:31:5831] http: GET /api/patient/profiles 304 - bytes - 22.300 ms
[2026-04-18 01:58:31:5831] http: GET /api/billing/invoices/by-patient/PAT_001?limit=50 304 - bytes - 26.056 ms
[2026-04-18 01:58:36:5836] http: POST /api/billing/payments/qr-generate 201 708 bytes - 54.756 ms
[2026-04-18 01:58:41:5841] http: GET /api/billing/payments/orders/PO_4e67050a92ca45/status 200 83 bytes - 7.066 ms
[2026-04-18 01:58:46:5846] http: GET /api/billing/payments/orders/PO_4e67050a92ca45/status 200 83 bytes - 8.385 ms
[2026-04-18 01:58:51:5851] http: GET /api/billing/payments/orders/PO_4e67050a92ca45/status 200 83 bytes - 7.987 ms
[2026-04-18 01:59:13:5913] http: GET /api/billing/invoices/by-patient/f0ec64ee-58cc-4366-b181-ed71cee46281?limit=50 304 - bytes - 17.852 ms
[2026-04-18 01:59:14:5914] http: GET /api/billing/invoices/by-patient/PAT_001?limit=50 304 - bytes - 18.968 ms
[2026-04-18 01:59:20:5920] http: GET /api/notifications/inbox?page=1&limit=10 304 - bytes - 27.255 ms
[2026-04-18 02:00:21:021] http: GET /api/notifications/inbox?page=1&limit=10 304 - bytes - 34.348 ms
[2026-04-18 02:01:21:121] http: GET /api/notifications/inbox?page=1&limit=10 304 - bytes - 25.756 ms
[2026-04-18 02:02:21:221] http: GET /api/notifications/inbox?page=1&limit=10 304 - bytes - 29.041 ms
[2026-04-18 02:03:21:321] http: GET /api/notifications/inbox?page=1&limit=10 304 - bytes - 27.896 ms
[2026-04-18 02:04:21:421] http: GET /api/notifications/inbox?page=1&limit=10 304 - bytes - 26.254 ms
[2026-04-18 02:04:49:449] http: GET /api/billing/invoices/by-patient/PAT_001?limit=50 304 - bytes - 18.875 ms
[2026-04-18 02:05:16:516] http: GET /api/billing/pricing/catalog 304 - bytes - 13.971 ms
[2026-04-18 02:05:16:516] http: GET /api/patient/profiles 304 - bytes - 22.716 ms
[2026-04-18 02:05:16:516] http: GET /api/billing/pricing/catalog 304 - bytes - 13.632 ms
[2026-04-18 02:05:16:516] http: GET /api/patient/profiles 304 - bytes - 24.597 ms
[2026-04-18 02:05:17:517] http: GET /api/billing/invoices/by-patient/PAT_001?limit=50 304 - bytes - 20.620 ms
[2026-04-18 02:05:31:531] http: GET /api/billing/invoices/by-patient/PAT_001?limit=50 304 - bytes - 17.432 ms
[2026-04-18 02:05:31:531] http: GET /api/notifications/inbox?page=1&limit=10 304 - bytes - 26.834 ms
[2026-04-18 02:05:51:551] http: GET /api/billing/invoices/by-patient/PAT_001?limit=50 304 - bytes - 20.348 ms
[2026-04-18 02:06:07:67] http: GET /api/billing/invoices/by-patient/PAT_001?limit=50 304 - bytes - 21.039 ms
[2026-04-18 02:06:45:645] http: GET /api/billing/invoices/by-patient/PAT_001?limit=50 304 - bytes - 50.993 ms
[2026-04-18 02:06:46:646] http: GET /api/notifications/inbox?page=1&limit=10 304 - bytes - 28.057 ms
[2026-04-18 02:06:56:656] http: GET /api/billing/invoices/by-patient/PAT_001?limit=50 304 - bytes - 17.722 ms
[2026-04-18 02:07:13:713] http: GET /api/billing/invoices/by-patient/PAT_001?limit=50 304 - bytes - 18.812 ms
[2026-04-18 02:07:21:721] http: GET /api/billing/invoices/by-patient/PAT_001?limit=50 304 - bytes - 24.845 ms
[2026-04-18 02:07:22:722] http: GET /api/notifications/inbox?page=1&limit=10 304 - bytes - 28.584 ms
[2026-04-18 02:07:43:743] http: GET /api/billing/invoices/by-patient/PAT_001?limit=50 304 - bytes - 18.581 ms
[2026-04-18 02:08:50:850] http: GET /api/notifications/inbox?page=1&limit=10 304 - bytes - 60.814 ms
[2026-04-18 02:09:02:92] http: GET /api/notifications/inbox?page=1&limit=10 304 - bytes - 29.869 ms
[2026-04-18 02:09:02:92] http: GET /api/patient/profiles 304 - bytes - 44.592 ms
[2026-04-18 02:09:02:92] http: GET /api/notifications/inbox?page=1&limit=10 304 - bytes - 25.880 ms
[2026-04-18 02:09:02:92] http: GET /api/patient/profiles 304 - bytes - 19.328 ms
[2026-04-18 02:09:03:93] http: GET /api/billing/invoices/by-patient/PAT_001?limit=50 304 - bytes - 17.984 ms
[2026-04-18 02:09:03:93] http: GET /api/billing/pricing/catalog/FAC_EHEALTH?limit=200 200 27309 bytes - 28.921 ms
[2026-04-18 02:09:05:95] http: POST /api/billing/payments/qr-generate 201 708 bytes - 28.379 ms
[2026-04-18 02:09:10:910] http: GET /api/billing/payments/orders/PO_4e67050a92ca45/status 200 83 bytes - 7.799 ms
[2026-04-18 02:09:15:915] http: GET /api/billing/payments/orders/PO_4e67050a92ca45/status 200 83 bytes - 6.622 ms
[2026-04-18 02:10:01:101] http: GET /api/patient/profiles 304 - bytes - 26.007 ms
[2026-04-18 02:10:01:101] http: GET /api/patient/profiles 304 - bytes - 21.278 ms
[2026-04-18 02:10:01:101] http: GET /api/billing/invoices/by-patient/PAT_001?limit=50 304 - bytes - 23.897 ms
[2026-04-18 02:10:01:101] http: GET /api/billing/pricing/catalog/FAC_EHEALTH?limit=200 304 - bytes - 22.841 ms
[2026-04-18 02:10:03:103] http: GET /api/notifications/inbox?page=1&limit=10 304 - bytes - 26.449 ms
[2026-04-18 02:10:07:107] http: GET /api/billing/payments/gateway/config 403 116 bytes - 1.683 ms
[2026-04-18 02:10:07:107] http: GET /api/billing/payments/gateway/config 403 116 bytes - 1.692 ms
[2026-04-18 02:10:07:107] http: GET /api/patient/profiles 304 - bytes - 22.113 ms
[2026-04-18 02:10:07:107] http: GET /api/patient/profiles 304 - bytes - 17.199 ms
[2026-04-18 02:10:07:107] http: GET /api/billing/invoices/by-patient/PAT_001?limit=50 304 - bytes - 18.243 ms
[2026-04-18 02:10:07:107] http: GET /api/billing/pricing/catalog/FAC_EHEALTH?limit=200 304 - bytes - 19.987 ms
[2026-04-18 02:10:13:1013] http: GET /api/billing/invoices/by-patient/PAT_001?limit=50 304 - bytes - 16.731 ms
[2026-04-18 02:10:49:1049] http: GET /api/billing/payments/gateway/config 403 116 bytes - 1.497 ms
[2026-04-18 02:10:49:1049] http: GET /api/billing/payments/gateway/config 403 116 bytes - 1.519 ms
[2026-04-18 02:10:49:1049] http: GET /api/notifications/inbox?page=1&limit=10 304 - bytes - 57.575 ms
[2026-04-18 02:10:49:1049] http: GET /api/patient/profiles 304 - bytes - 52.235 ms
[2026-04-18 02:10:49:1049] http: GET /api/patient/profiles 304 - bytes - 20.266 ms
[2026-04-18 02:10:49:1049] http: GET /api/notifications/inbox?page=1&limit=10 304 - bytes - 27.241 ms
[2026-04-18 02:10:49:1049] http: GET /api/billing/invoices/by-patient/PAT_001?limit=50 304 - bytes - 21.625 ms
[2026-04-18 02:10:49:1049] http: GET /api/billing/pricing/catalog/FAC_EHEALTH?limit=200 304 - bytes - 22.617 ms
[2026-04-18 02:11:49:1149] http: GET /api/notifications/inbox?page=1&limit=10 304 - bytes - 56.831 ms
[2026-04-18 02:11:51:1151] http: GET /api/billing/payments/gateway/config 403 116 bytes - 1.042 ms
[2026-04-18 02:11:51:1151] http: GET /api/billing/payments/gateway/config 403 116 bytes - 1.143 ms
[2026-04-18 02:11:51:1151] http: GET /api/notifications/inbox?page=1&limit=10 304 - bytes - 35.096 ms
[2026-04-18 02:11:51:1151] http: GET /api/notifications/inbox?page=1&limit=10 304 - bytes - 25.665 ms
[2026-04-18 02:11:51:1151] http: GET /api/patient/profiles 304 - bytes - 52.197 ms
[2026-04-18 02:11:51:1151] http: GET /api/patient/profiles 304 - bytes - 29.440 ms
[2026-04-18 02:11:51:1151] http: GET /api/billing/invoices/by-patient/PAT_001?limit=50 304 - bytes - 22.261 ms
[2026-04-18 02:11:51:1151] http: GET /api/billing/pricing/catalog/FAC_EHEALTH?limit=200 304 - bytes - 23.162 ms
[2026-04-18 02:11:55:1155] http: POST /api/billing/payments/qr-generate 201 707 bytes - 28.262 ms
[2026-04-18 02:12:51:1251] http: GET /api/notifications/inbox?page=1&limit=10 304 - bytes - 62.922 ms
[2026-04-18 02:13:51:1351] http: GET /api/notifications/inbox?page=1&limit=10 304 - bytes - 48.691 ms
[2026-04-18 02:14:51:1451] http: GET /api/notifications/inbox?page=1&limit=10 304 - bytes - 107.378 ms
[2026-04-18 02:15:51:1551] http: GET /api/notifications/inbox?page=1&limit=10 304 - bytes - 46.262 ms
[2026-04-18 02:16:51:1651] http: GET /api/notifications/inbox?page=1&limit=10 304 - bytes - 54.253 ms
[2026-04-18 02:17:51:1751] http: GET /api/notifications/inbox?page=1&limit=10 304 - bytes - 54.509 ms
[2026-04-18 02:19:50:1950] http: GET /api/notifications/inbox?page=1&limit=10 304 - bytes - 64.999 ms
[2026-04-18 02:20:19:2019] http: GET /api/billing/payments/gateway/config 401 100 bytes - 1.105 ms
[2026-04-18 02:20:19:2019] http: GET /api/patient/profiles 401 100 bytes - 1.386 ms
[2026-04-18 02:20:19:2019] http: GET /api/billing/payments/gateway/config 401 100 bytes - 1.753 ms
[2026-04-18 02:20:19:2019] http: GET /api/patient/profiles 401 100 bytes - 1.732 ms
[2026-04-18 02:20:19:2019] http: POST /api/auth/refresh-token 200 605 bytes - 26.794 ms
[2026-04-18 02:20:19:2019] http: GET /api/billing/payments/gateway/config 403 116 bytes - 1.416 ms
[2026-04-18 02:20:19:2019] http: GET /api/billing/payments/gateway/config 403 116 bytes - 1.791 ms
[2026-04-18 02:20:19:2019] http: GET /api/patient/profiles 304 - bytes - 21.916 ms
[2026-04-18 02:20:19:2019] http: GET /api/patient/profiles 304 - bytes - 18.375 ms
[2026-04-18 02:20:19:2019] http: GET /api/billing/invoices/by-patient/PAT_001?limit=50 304 - bytes - 23.827 ms
[2026-04-18 02:20:19:2019] http: GET /api/billing/pricing/catalog/FAC_EHEALTH?limit=200 304 - bytes - 25.206 ms
[2026-04-18 02:20:59:2059] http: GET /api/notifications/inbox?page=1&limit=10 304 - bytes - 30.148 ms
[2026-04-18 02:21:02:212] http: GET /api/billing/payments/gateway/config 403 116 bytes - 3.916 ms
[2026-04-18 02:21:02:212] http: GET /api/billing/payments/gateway/config 403 116 bytes - 2.006 ms
[2026-04-18 02:21:02:212] http: GET /api/notifications/inbox?page=1&limit=10 304 - bytes - 53.932 ms
[2026-04-18 02:21:02:212] http: GET /api/notifications/inbox?page=1&limit=10 304 - bytes - 23.666 ms
[2026-04-18 02:21:02:212] http: GET /api/patient/profiles 304 - bytes - 43.882 ms
[2026-04-18 02:21:02:212] http: GET /api/patient/profiles 304 - bytes - 255.065 ms
[2026-04-18 02:21:02:212] http: GET /api/billing/invoices/by-patient/PAT_001?limit=50 304 - bytes - 22.169 ms
[2026-04-18 02:21:02:212] http: GET /api/billing/pricing/catalog/FAC_EHEALTH?limit=200 304 - bytes - 34.196 ms
[2026-04-18 02:21:06:216] http: GET /api/billing/invoices/INV_a02d64ea6aaf40 403 116 bytes - 1.741 ms
[2026-04-18 02:21:14:2114] http: POST /api/billing/payments/qr-generate 201 708 bytes - 43.439 ms
[2026-04-18 02:21:19:2119] http: GET /api/billing/payments/orders/PO_62b1220691564a/status 200 83 bytes - 7.738 ms
[2026-04-18 02:21:24:2124] http: POST /api/billing/payments/qr-generate 201 708 bytes - 23.681 ms
[2026-04-18 02:21:29:2129] http: GET /api/billing/payments/orders/PO_62b1220691564a/status 200 83 bytes - 8.001 ms
[2026-04-18 02:21:34:2134] http: GET /api/billing/payments/orders/PO_62b1220691564a/status 200 83 bytes - 6.871 ms
[2026-04-18 02:22:02:222] http: GET /api/notifications/inbox?page=1&limit=10 304 - bytes - 22.259 ms
[2026-04-18 02:23:02:232] http: GET /api/notifications/inbox?page=1&limit=10 304 - bytes - 28.555 ms
[2026-04-18 02:24:02:242] http: GET /api/notifications/inbox?page=1&limit=10 304 - bytes - 33.566 ms
[2026-04-18 02:25:02:252] http: GET /api/notifications/inbox?page=1&limit=10 304 - bytes - 33.154 ms
[2026-04-18 02:26:02:262] http: GET /api/notifications/inbox?page=1&limit=10 304 - bytes - 26.525 ms
[2026-04-18 02:26:52:2652] http: GET /api/billing/invoices/by-patient/PAT_001?limit=50 304 - bytes - 70.855 ms
[2026-04-18 02:27:02:272] http: GET /api/notifications/inbox?page=1&limit=10 304 - bytes - 27.474 ms
[2026-04-18 02:27:09:279] http: GET /api/billing/payments/gateway/config 403 116 bytes - 1.867 ms
[2026-04-18 02:27:09:279] http: GET /api/billing/payments/gateway/config 403 116 bytes - 1.565 ms
[2026-04-18 02:27:09:279] http: GET /api/notifications/inbox?page=1&limit=10 304 - bytes - 40.448 ms
[2026-04-18 02:27:09:279] http: GET /api/patient/profiles 304 - bytes - 65.308 ms
[2026-04-18 02:27:09:279] http: GET /api/notifications/inbox?page=1&limit=10 304 - bytes - 37.516 ms
[2026-04-18 02:27:09:279] http: GET /api/patient/profiles 304 - bytes - 20.368 ms
[2026-04-18 02:27:09:279] http: GET /api/billing/invoices/by-patient/PAT_001?limit=50 304 - bytes - 20.046 ms
[2026-04-18 02:27:09:279] http: GET /api/billing/pricing/catalog/FAC_EHEALTH?limit=200 304 - bytes - 22.729 ms
[2026-04-18 02:27:13:2713] http: POST /api/billing/payments/qr-generate 201 708 bytes - 33.725 ms
[2026-04-18 02:27:18:2718] http: GET /api/billing/payments/orders/PO_62b1220691564a/status 200 83 bytes - 7.881 ms
[2026-04-18 02:27:23:2723] http: GET /api/billing/invoices/INV_a02d64ea6aaf40 403 116 bytes - 2.686 ms
[2026-04-18 02:27:45:2745] http: POST /api/billing/payments/qr-generate 201 708 bytes - 26.350 ms
[2026-04-18 02:27:50:2750] http: GET /api/billing/payments/orders/PO_62b1220691564a/status 200 83 bytes - 5.921 ms
[2026-04-18 02:27:55:2755] http: GET /api/billing/payments/orders/PO_62b1220691564a/status 200 83 bytes - 6.328 ms
[2026-04-18 02:28:00:280] http: GET /api/billing/payments/orders/PO_62b1220691564a/status 200 83 bytes - 8.089 ms
[2026-04-18 02:28:05:285] http: GET /api/billing/payments/orders/PO_62b1220691564a/status 200 83 bytes - 6.854 ms
[2026-04-18 02:28:09:289] http: GET /api/notifications/inbox?page=1&limit=10 304 - bytes - 23.869 ms
[2026-04-18 02:28:10:2810] http: GET /api/billing/payments/orders/PO_62b1220691564a/status 200 83 bytes - 9.381 ms
[2026-04-18 02:28:15:2815] http: GET /api/billing/payments/orders/PO_62b1220691564a/status 200 83 bytes - 8.529 ms
[2026-04-18 02:28:20:2820] http: GET /api/billing/payments/orders/PO_62b1220691564a/status 200 83 bytes - 5.903 ms
[2026-04-18 02:28:25:2825] http: GET /api/billing/payments/orders/PO_62b1220691564a/status 200 83 bytes - 7.368 ms
[2026-04-18 02:28:30:2830] http: GET /api/billing/payments/orders/PO_62b1220691564a/status 200 83 bytes - 7.787 ms
[2026-04-18 02:28:35:2835] http: GET /api/billing/payments/orders/PO_62b1220691564a/status 200 83 bytes - 8.208 ms
[2026-04-18 02:28:40:2840] http: GET /api/billing/payments/orders/PO_62b1220691564a/status 200 83 bytes - 5.639 ms
[2026-04-18 02:28:45:2845] http: GET /api/billing/payments/orders/PO_62b1220691564a/status 200 83 bytes - 9.216 ms
[2026-04-18 02:28:50:2850] http: GET /api/billing/payments/orders/PO_62b1220691564a/status 200 83 bytes - 6.434 ms
[2026-04-18 02:28:55:2855] http: GET /api/billing/payments/orders/PO_62b1220691564a/status 200 83 bytes - 7.300 ms
[2026-04-18 02:29:00:290] http: GET /api/billing/payments/orders/PO_62b1220691564a/status 200 83 bytes - 5.928 ms
[2026-04-18 02:29:05:295] http: GET /api/billing/payments/orders/PO_62b1220691564a/status 200 83 bytes - 7.038 ms
[2026-04-18 02:29:09:299] http: GET /api/notifications/inbox?page=1&limit=10 304 - bytes - 27.160 ms
[2026-04-18 02:29:10:2910] http: GET /api/billing/payments/orders/PO_62b1220691564a/status 200 83 bytes - 6.079 ms
[2026-04-18 02:29:15:2915] http: GET /api/billing/payments/orders/PO_62b1220691564a/status 200 83 bytes - 9.551 ms
[2026-04-18 02:29:20:2920] http: GET /api/billing/payments/orders/PO_62b1220691564a/status 200 83 bytes - 10.185 ms
[2026-04-18 02:29:25:2925] http: GET /api/billing/payments/orders/PO_62b1220691564a/status 200 83 bytes - 6.361 ms
[2026-04-18 02:29:30:2930] http: GET /api/billing/payments/orders/PO_62b1220691564a/status 200 83 bytes - 7.468 ms
[2026-04-18 02:30:09:309] http: GET /api/notifications/inbox?page=1&limit=10 304 - bytes - 28.562 ms
[2026-04-18 02:30:44:3044] http: GET /api/billing/invoices/by-patient/PAT_001?limit=50 304 - bytes - 42.968 ms
[2026-04-18 02:30:56:3056] http: GET /api/billing/payments/gateway/config 403 116 bytes - 3.556 ms
[2026-04-18 02:30:56:3056] http: GET /api/billing/payments/gateway/config 403 116 bytes - 1.515 ms
[2026-04-18 02:30:56:3056] http: GET /api/notifications/inbox?page=1&limit=10 304 - bytes - 34.753 ms
[2026-04-18 02:30:56:3056] http: GET /api/notifications/inbox?page=1&limit=10 304 - bytes - 26.464 ms
[2026-04-18 02:30:56:3056] http: GET /api/patient/profiles 304 - bytes - 59.329 ms
[2026-04-18 02:30:56:3056] http: GET /api/patient/profiles 304 - bytes - 16.531 ms
[2026-04-18 02:30:56:3056] http: GET /api/billing/invoices/by-patient/PAT_001?limit=50 304 - bytes - 21.007 ms
[2026-04-18 02:30:56:3056] http: GET /api/billing/pricing/catalog/FAC_EHEALTH?limit=200 304 - bytes - 23.683 ms
[2026-04-18 02:31:56:3156] http: GET /api/notifications/inbox?page=1&limit=10 304 - bytes - 61.305 ms
[2026-04-18 02:32:18:3218] http: GET /api/billing/invoices/by-patient/PAT_001?limit=50 304 - bytes - 20.759 ms
[2026-04-18 02:32:32:3232] http: GET /api/billing/invoices/by-patient/PAT_001?limit=50 304 - bytes - 16.983 ms
[2026-04-18 02:32:42:3242] http: GET /api/billing/payments/gateway/config 403 116 bytes - 1.504 ms
[2026-04-18 02:32:42:3242] http: GET /api/billing/payments/gateway/config 403 116 bytes - 6.099 ms
[2026-04-18 02:32:42:3242] http: GET /api/patient/profiles 304 - bytes - 32.594 ms
[2026-04-18 02:32:42:3242] http: GET /api/patient/profiles 304 - bytes - 18.363 ms
[2026-04-18 02:32:43:3243] http: GET /api/billing/invoices/by-patient/PAT_001?limit=50 304 - bytes - 23.391 ms
[2026-04-18 02:32:43:3243] http: GET /api/billing/pricing/catalog/FAC_EHEALTH?limit=200 304 - bytes - 20.518 ms
[2026-04-18 02:32:56:3256] http: GET /api/notifications/inbox?page=1&limit=10 304 - bytes - 30.283 ms
[2026-04-18 02:33:44:3344] http: POST /api/billing/payments/qr-generate 201 708 bytes - 60.014 ms
[2026-04-18 02:33:52:3352] http: GET /api/teleconsultation/booking/my-bookings?patientId=USR_PAT_121&status=scheduled 304 - bytes - 23.382 ms
[2026-04-18 02:33:52:3352] http: GET /api/teleconsultation/booking/my-bookings?patientId=USR_PAT_121&status=scheduled 304 - bytes - 23.004 ms
[2026-04-18 02:33:54:3354] http: GET /api/billing/payments/gateway/config 403 116 bytes - 1.535 ms
[2026-04-18 02:33:54:3354] http: GET /api/billing/payments/gateway/config 403 116 bytes - 1.145 ms
[2026-04-18 02:33:54:3354] http: GET /api/patient/profiles 304 - bytes - 20.799 ms
[2026-04-18 02:33:54:3354] http: GET /api/patient/profiles 304 - bytes - 22.806 ms
[2026-04-18 02:33:54:3354] http: GET /api/billing/invoices/by-patient/PAT_001?limit=50 304 - bytes - 52.708 ms
[2026-04-18 02:33:54:3354] http: GET /api/billing/pricing/catalog/FAC_EHEALTH?limit=200 304 - bytes - 18.763 ms
[2026-04-18 02:33:56:3356] http: GET /api/billing/payments/gateway/config 403 116 bytes - 4.740 ms
[2026-04-18 02:33:56:3356] http: GET /api/billing/payments/gateway/config 403 116 bytes - 4.731 ms
[2026-04-18 02:33:56:3356] http: GET /api/patient/profiles 304 - bytes - 53.661 ms
[2026-04-18 02:33:56:3356] http: GET /api/patient/profiles 304 - bytes - 19.390 ms
[2026-04-18 02:33:56:3356] http: GET /api/notifications/inbox?page=1&limit=10 304 - bytes - 110.010 ms
[2026-04-18 02:33:56:3356] http: GET /api/notifications/inbox?page=1&limit=10 304 - bytes - 29.352 ms
[2026-04-18 02:33:57:3357] http: GET /api/billing/invoices/by-patient/PAT_001?limit=50 304 - bytes - 64.102 ms
[2026-04-18 02:33:57:3357] http: GET /api/billing/pricing/catalog/FAC_EHEALTH?limit=200 304 - bytes - 18.418 ms
[2026-04-18 02:34:41:3441] http: GET /api/patient/profiles 304 - bytes - 50.663 ms
[2026-04-18 02:34:41:3441] http: GET /api/patient/profiles 304 - bytes - 14.930 ms
[2026-04-18 02:34:41:3441] http: GET /api/billing/invoices/by-patient/PAT_001?limit=50 304 - bytes - 20.336 ms
[2026-04-18 02:34:41:3441] http: GET /api/billing/pricing/catalog/FAC_EHEALTH?limit=200 304 - bytes - 20.567 ms
[2026-04-18 02:34:56:3456] http: GET /api/notifications/inbox?page=1&limit=10 304 - bytes - 21.084 ms
[2026-04-18 02:35:18:3518] http: GET /api/patient/profiles 304 - bytes - 17.220 ms
[2026-04-18 02:35:18:3518] http: GET /api/notifications/inbox?page=1&limit=10 304 - bytes - 31.815 ms
[2026-04-18 02:35:18:3518] http: GET /api/patient/profiles 304 - bytes - 16.399 ms
[2026-04-18 02:35:18:3518] http: GET /api/notifications/inbox?page=1&limit=10 304 - bytes - 36.755 ms
[2026-04-18 02:35:18:3518] http: GET /api/billing/invoices/by-patient/PAT_001?limit=50 304 - bytes - 25.056 ms
[2026-04-18 02:35:18:3518] http: GET /api/billing/pricing/catalog/FAC_EHEALTH?limit=200 304 - bytes - 21.544 ms
[2026-04-18 02:35:22:3522] http: POST /api/billing/payments/qr-generate 201 707 bytes - 28.054 ms
[2026-04-18 02:35:27:3527] http: GET /api/billing/payments/orders/PO_62b1220691564a/status 200 82 bytes - 7.462 ms
[2026-04-18 02:35:41:3541] http: GET /api/patient/profiles 304 - bytes - 13.857 ms
[2026-04-18 02:35:41:3541] http: GET /api/patient/profiles 304 - bytes - 14.505 ms
[2026-04-18 02:35:41:3541] http: GET /api/ehr/patients/PAT_001/medication-records/current 304 - bytes - 18.377 ms
[2026-04-18 02:35:41:3541] http: GET /api/ehr/patients/PAT_001/medication-adherence?from_date=2026-04-11&to_date=2026-04-17 304 - bytes - 26.972 ms
[2026-04-18 02:35:45:3545] http: GET /api/patient/profiles 304 - bytes - 20.395 ms
[2026-04-18 02:35:45:3545] http: GET /api/patient/profiles 304 - bytes - 41.006 ms
[2026-04-18 02:35:45:3545] http: GET /api/ehr/patients/PAT_001/health-summary 200 1407 bytes - 90.960 ms
[2026-04-18 02:35:45:3545] http: GET /api/ehr/patients/PAT_001/profile 200 5481 bytes - 99.404 ms
[2026-04-18 02:35:45:3545] http: GET /api/ehr/patients/PAT_001/insurance-status 304 - bytes - 94.724 ms
[2026-04-18 02:35:45:3545] http: GET /api/ehr/patients/PAT_001/current-medications 304 - bytes - 91.548 ms
[2026-04-18 02:35:45:3545] http: GET /api/ehr/patients/PAT_001/active-conditions 304 - bytes - 114.342 ms
[2026-04-18 02:35:45:3545] http: GET /api/ehr/patients/PAT_001/diagnosis-history?limit=5 304 - bytes - 110.587 ms
[2026-04-18 02:35:45:3545] http: GET /api/ehr/patients/PAT_001/allergies 304 - bytes - 28.861 ms
[2026-04-18 02:35:45:3545] http: GET /api/ehr/patients/PAT_001/timeline?limit=6 304 - bytes - 39.160 ms
[2026-04-18 02:35:45:3545] http: GET /api/ehr/patients/PAT_001/health-metrics?limit=50 304 - bytes - 30.720 ms
[2026-04-18 02:35:47:3547] http: GET /api/patient/profiles 304 - bytes - 30.228 ms
[2026-04-18 02:35:47:3547] http: GET /api/patient/profiles 304 - bytes - 20.181 ms
[2026-04-18 02:35:47:3547] http: GET /api/medical-records/by-patient/PAT_001/timeline 304 - bytes - 19.960 ms
[2026-04-18 02:35:47:3547] http: GET /api/medical-records/by-patient/PAT_001 304 - bytes - 60.300 ms
[2026-04-18 02:35:49:3549] http: GET /api/patient/profiles 304 - bytes - 20.238 ms
[2026-04-18 02:35:49:3549] http: GET /api/patient/profiles 304 - bytes - 18.878 ms
[2026-04-18 02:35:49:3549] http: GET /api/patients/ee20c300-89fa-4062-8d87-2cbd09570fb4/insurances 304 - bytes - 28.977 ms
[2026-04-18 02:35:49:3549] http: GET /api/patients/f0ec64ee-58cc-4366-b181-ed71cee46281/insurances 304 - bytes - 37.273 ms
[2026-04-18 02:35:49:3549] http: GET /api/patients/PAT_001/insurances 304 - bytes - 40.778 ms
[2026-04-18 02:35:49:3549] http: GET /api/patients/f0ec64ee-58cc-4366-b181-ed71cee46281/insurances 304 - bytes - 66.778 ms
[2026-04-18 02:35:49:3549] http: GET /api/patients/ee20c300-89fa-4062-8d87-2cbd09570fb4/insurances 304 - bytes - 83.475 ms
[2026-04-18 02:35:49:3549] http: GET /api/patients/PAT_001/insurances 304 - bytes - 81.650 ms
[2026-04-18 02:36:09:369] http: GET /api/patient/profiles 304 - bytes - 20.241 ms
[2026-04-18 02:36:09:369] http: GET /api/patient/profiles 304 - bytes - 18.374 ms
[2026-04-18 02:36:09:369] http: GET /api/medical-records/by-patient/PAT_001/timeline 304 - bytes - 15.887 ms
[2026-04-18 02:36:09:369] http: GET /api/medical-records/by-patient/PAT_001 304 - bytes - 19.972 ms
[2026-04-18 02:36:12:3612] http: GET /api/patient/profiles 304 - bytes - 25.416 ms
[2026-04-18 02:36:12:3612] http: GET /api/patient/profiles 304 - bytes - 25.016 ms
[2026-04-18 02:36:12:3612] http: GET /api/appointments/my-appointments?patient_id=PAT_001&status=PENDING,CONFIRMED&limit=50 304 - bytes - 45.034 ms
[2026-04-18 02:36:18:3618] http: GET /api/notifications/inbox?page=1&limit=10 304 - bytes - 27.203 ms
[2026-04-18 02:38:29:3829] http: POST /api/auth/login/email 200 1860 bytes - 120.591 ms
[2026-04-18 02:38:29:3829] http: GET /api/auth/me/roles 200 94 bytes - 18.024 ms
[2026-04-18 02:38:29:3829] http: GET /api/auth/me/menus 200 3709 bytes - 56.895 ms
[2026-04-18 02:38:29:3829] http: GET /api/auth/me/permissions 200 28793 bytes - 63.645 ms
[2026-04-18 02:38:32:3832] http: GET /api/notifications/inbox?page=1&limit=10 200 5989 bytes - 29.848 ms
[2026-04-18 02:38:32:3832] http: GET /api/notifications/inbox?page=1&limit=10 304 - bytes - 34.419 ms
[2026-04-18 02:38:32:3832] http: GET /api/reports/dashboard 200 2608 bytes - 75.639 ms
[2026-04-18 02:38:32:3832] http: GET /api/reports/dashboard 304 - bytes - 48.695 ms
[2026-04-18 02:38:38:3838] http: GET /api/users?limit=100 200 70729 bytes - 33.172 ms
[2026-04-18 02:38:38:3838] http: GET /api/users?limit=100 304 - bytes - 25.384 ms
[2026-04-18 02:39:01:391] http: GET /api/users/USR_2604_d383d064 200 548 bytes - 9.199 ms
[2026-04-18 02:39:01:391] http: GET /api/users/USR_2604_d383d064 304 - bytes - 8.898 ms
[2026-04-18 02:39:05:395] http: GET /api/departments 200 4460 bytes - 47.123 ms
[2026-04-18 02:39:05:395] http: GET /api/departments 304 - bytes - 7.492 ms
[2026-04-18 02:39:05:395] http: GET /api/departments?limit=100 200 4461 bytes - 50.536 ms
[2026-04-18 02:39:05:395] http: GET /api/staff?role=DOCTOR&limit=200 200 7896 bytes - 68.859 ms
[2026-04-18 02:39:05:395] http: GET /api/departments?limit=100 304 - bytes - 16.256 ms
[2026-04-18 02:39:05:395] http: GET /api/staff?role=DOCTOR&limit=200 304 - bytes - 30.427 ms
[2026-04-18 02:39:10:3910] http: GET /api/roles 200 1107 bytes - 7.187 ms
[2026-04-18 02:39:10:3910] http: GET /api/roles 304 - bytes - 6.885 ms
[2026-04-18 02:39:15:3915] http: GET /api/departments?limit=100 304 - bytes - 8.355 ms
[2026-04-18 02:39:15:3915] http: GET /api/departments?limit=100 304 - bytes - 7.709 ms
