[2026-04-16 11:07:47:747] warn: ⚠️  Không tìm thấy file D:\WEB\Web He thong quan ly phong kham\src\E-Health_server\.env.development, thử load .env mặc định...
[2026-04-16 11:07:47:747] info: ┌──────────────────────────────────────────────┐
[2026-04-16 11:07:47:747] info: │  🔧 DEVELOPMENT MODE                        │
[2026-04-16 11:07:47:747] info: │  📄 Loaded: .env.development
[2026-04-16 11:07:47:747] info: │  🔌 DB: 160.250.186.97:5432/ehealthdatabase
[2026-04-16 11:07:47:747] info: │  🌐 Frontend: dev.thanhhaishopwebsite.id.vn
[2026-04-16 11:07:47:747] info: │  📊 Log level: debug
[2026-04-16 11:07:47:747] info: │  💳 SePay: PRODUCTION
[2026-04-16 11:07:47:747] info: └──────────────────────────────────────────────┘
[2026-04-16 11:07:50:750] info: ✅ Firebase Admin SDK đã khởi tạo thành công.
[2026-04-16 11:07:55:755] info: 📅 [CRON] Appointment Reminder Job đã khởi động (mỗi 15 phút).
[2026-04-16 11:07:55:755] info: [PaymentOrderExpiry] Cron job đã khởi động (mỗi 1 phút).
[2026-04-16 11:07:55:755] info: ✅ Kết nối PostgreSQL thành công
[2026-04-16 11:07:55:755] info: ✅ Load cấu hình Dynamic API Permissions vào Cache thành công!
[2026-04-16 11:07:55:755] info: 🚀 Server is running on port 3000
[2026-04-16 11:07:55:755] info: 📅 [CRON] Appointment Reminder Job đã khởi động (mỗi 15 phút).
[2026-04-16 11:07:55:755] info: 🔍 [CRON] No-Show Detection Job đã khởi động (mỗi 30 phút).
[2026-04-16 11:12:25:1225] warn: ⚠️  Không tìm thấy file D:\WEB\Web He thong quan ly phong kham\src\E-Health_server\.env.development, thử load .env mặc định...
[2026-04-16 11:12:25:1225] info: ┌──────────────────────────────────────────────┐
[2026-04-16 11:12:25:1225] info: │  🔧 DEVELOPMENT MODE                        │
[2026-04-16 11:12:25:1225] info: │  📄 Loaded: .env.development
[2026-04-16 11:12:25:1225] info: │  🔌 DB: 160.250.186.97:5432/ehealthdatabase
[2026-04-16 11:12:25:1225] info: │  🌐 Frontend: dev.thanhhaishopwebsite.id.vn
[2026-04-16 11:12:25:1225] info: │  📊 Log level: debug
[2026-04-16 11:12:25:1225] info: │  💳 SePay: PRODUCTION
[2026-04-16 11:12:25:1225] info: └──────────────────────────────────────────────┘
[2026-04-16 11:12:31:1231] info: ✅ Firebase Admin SDK đã khởi tạo thành công.
[2026-04-16 11:12:36:1236] info: 📅 [CRON] Appointment Reminder Job đã khởi động (mỗi 15 phút).
[2026-04-16 11:12:36:1236] info: [PaymentOrderExpiry] Cron job đã khởi động (mỗi 1 phút).
[2026-04-16 11:12:36:1236] info: ✅ Kết nối PostgreSQL thành công
[2026-04-16 11:12:36:1236] info: ✅ Load cấu hình Dynamic API Permissions vào Cache thành công!
[2026-04-16 11:12:36:1236] info: 🚀 Server is running on port 3000
[2026-04-16 11:12:36:1236] info: 📅 [CRON] Appointment Reminder Job đã khởi động (mỗi 15 phút).
[2026-04-16 11:12:36:1236] info: 🔍 [CRON] No-Show Detection Job đã khởi động (mỗi 30 phút).
[2026-04-16 11:13:03:133] http: GET /api/notifications/inbox?page=1&limit=10 401 100 bytes - 10.571 ms
[2026-04-16 11:13:03:133] http: GET /api/appointments/my-appointments?status=PENDING,CONFIRMED&limit=5 401 100 bytes - 5.167 ms
[2026-04-16 11:13:03:133] http: GET /api/patient/profiles/default 401 100 bytes - 2.642 ms
[2026-04-16 11:13:03:133] http: GET /api/teleconsultation/booking/my-bookings?patientId=USR_PAT_121&status=scheduled 401 100 bytes - 4.590 ms
[2026-04-16 11:13:03:133] http: GET /api/notifications/inbox?page=1&limit=10 401 100 bytes - 2.202 ms
[2026-04-16 11:13:03:133] http: GET /api/appointments/my-appointments?status=PENDING,CONFIRMED&limit=5 401 100 bytes - 3.586 ms
[2026-04-16 11:13:03:133] http: GET /api/patient/profiles/default 401 100 bytes - 1.790 ms
[2026-04-16 11:13:03:133] http: GET /api/teleconsultation/booking/my-bookings?patientId=USR_PAT_121&status=scheduled 401 100 bytes - 2.232 ms
[2026-04-16 11:13:03:133] http: POST /api/auth/refresh-token 200 605 bytes - 40.630 ms
[2026-04-16 11:13:04:134] http: GET /api/patient/profiles/default 304 - bytes - 69.276 ms
[2026-04-16 11:13:04:134] http: GET /api/appointments/my-appointments?status=PENDING,CONFIRMED&limit=5 304 - bytes - 87.052 ms
[2026-04-16 11:13:04:134] http: GET /api/teleconsultation/booking/my-bookings?patientId=USR_PAT_121&status=scheduled 304 - bytes - 91.190 ms
[2026-04-16 11:13:04:134] http: GET /api/notifications/inbox?page=1&limit=10 200 7044 bytes - 88.445 ms
[2026-04-16 11:13:04:134] http: GET /api/patient/profiles/default 304 - bytes - 28.719 ms
[2026-04-16 11:13:04:134] http: GET /api/teleconsultation/booking/my-bookings?patientId=USR_PAT_121&status=scheduled 304 - bytes - 28.533 ms
[2026-04-16 11:13:04:134] http: GET /api/ehr/patients/PAT_001/vitals/latest 304 - bytes - 50.939 ms
[2026-04-16 11:13:04:134] http: GET /api/notifications/inbox?page=1&limit=10 304 - bytes - 40.824 ms
[2026-04-16 11:13:04:134] http: GET /api/ehr/patients/PAT_001/current-medications 304 - bytes - 75.396 ms
[2026-04-16 11:13:04:134] http: GET /api/ehr/patients/PAT_001/vitals/latest 304 - bytes - 30.897 ms
[2026-04-16 11:13:04:134] http: GET /api/appointments/my-appointments?status=PENDING,CONFIRMED&limit=5 304 - bytes - 93.532 ms
[2026-04-16 11:13:04:134] http: GET /api/ehr/patients/PAT_001/current-medications 304 - bytes - 29.351 ms
[2026-04-16 11:13:14:1314] http: GET /api/patient/profiles 304 - bytes - 104.666 ms
[2026-04-16 11:13:14:1314] http: GET /api/patient/profiles 304 - bytes - 27.947 ms
[2026-04-16 11:13:14:1314] http: GET /api/appointments/my-appointments?patient_id=PAT_001&status=PENDING,CONFIRMED&limit=20 304 - bytes - 66.681 ms
[2026-04-16 11:13:20:1320] http: GET /api/appointments/APT_3d22e6da-beb 304 - bytes - 33.488 ms
[2026-04-16 11:13:20:1320] http: GET /api/appointments/APT_3d22e6da-beb 304 - bytes - 36.830 ms
[2026-04-16 11:13:25:1325] http: GET /api/patient/profiles 304 - bytes - 23.321 ms
[2026-04-16 11:13:25:1325] http: GET /api/patient/profiles 304 - bytes - 23.846 ms
[2026-04-16 11:13:25:1325] http: GET /api/appointments/my-appointments?patient_id=PAT_001&status=PENDING,CONFIRMED&limit=20 304 - bytes - 49.632 ms
[2026-04-16 11:14:03:143] http: GET /api/notifications/inbox?page=1&limit=10 304 - bytes - 44.834 ms
[2026-04-16 11:14:53:1453] http: GET /api/appointments/my-appointments?patient_id=PAT_001&status=COMPLETED&limit=20 200 1527 bytes - 102.727 ms
[2026-04-16 11:14:54:1454] http: GET /api/appointments/my-appointments?patient_id=PAT_001&status=CANCELLED&limit=20 200 9025 bytes - 57.231 ms
[2026-04-16 11:14:55:1455] http: GET /api/appointments/my-appointments?patient_id=PAT_001&status=COMPLETED&limit=20 304 - bytes - 47.376 ms
[2026-04-16 11:14:56:1456] http: GET /api/appointments/my-appointments?patient_id=PAT_001&status=CANCELLED&limit=20 304 - bytes - 47.555 ms
[2026-04-16 11:14:58:1458] http: GET /api/appointments/APT_f54227e9-5c2 200 2186 bytes - 40.135 ms
[2026-04-16 11:14:58:1458] http: GET /api/appointments/APT_f54227e9-5c2 304 - bytes - 36.038 ms
[2026-04-16 11:15:00:150] http: GET /api/patient/profiles 304 - bytes - 26.866 ms
[2026-04-16 11:15:01:151] http: GET /api/patient/profiles 304 - bytes - 27.254 ms
[2026-04-16 11:15:01:151] http: GET /api/appointments/my-appointments?patient_id=PAT_001&status=PENDING,CONFIRMED&limit=20 304 - bytes - 92.153 ms
[2026-04-16 11:15:03:153] http: GET /api/appointments/APT_3d22e6da-beb 304 - bytes - 35.813 ms
[2026-04-16 11:15:03:153] http: GET /api/appointments/APT_3d22e6da-beb 304 - bytes - 36.180 ms
[2026-04-16 11:15:03:153] http: GET /api/notifications/inbox?page=1&limit=10 304 - bytes - 34.689 ms
[2026-04-16 11:15:16:1516] http: GET /api/patient/profiles 304 - bytes - 18.912 ms
[2026-04-16 11:15:16:1516] http: GET /api/patient/profiles 304 - bytes - 24.269 ms
[2026-04-16 11:15:16:1516] http: GET /api/appointments/my-appointments?patient_id=PAT_001&status=PENDING,CONFIRMED&limit=20 304 - bytes - 48.475 ms
[2026-04-16 11:16:03:163] http: GET /api/notifications/inbox?page=1&limit=10 304 - bytes - 38.512 ms
[2026-04-16 11:16:44:1644] http: GET /api/appointments/APT_3d22e6da-beb 304 - bytes - 97.536 ms
[2026-04-16 11:16:44:1644] http: GET /api/appointments/APT_3d22e6da-beb 304 - bytes - 40.613 ms
[2026-04-16 11:16:47:1647] http: GET /api/patient/profiles 304 - bytes - 50.835 ms
[2026-04-16 11:16:47:1647] http: GET /api/patient/profiles 304 - bytes - 27.245 ms
[2026-04-16 11:16:47:1647] http: GET /api/appointments/my-appointments?patient_id=PAT_001&status=PENDING,CONFIRMED&limit=20 304 - bytes - 110.486 ms
[2026-04-16 11:17:03:173] http: GET /api/notifications/inbox?page=1&limit=10 304 - bytes - 49.401 ms
[2026-04-16 11:18:03:183] http: GET /api/notifications/inbox?page=1&limit=10 304 - bytes - 39.341 ms
[2026-04-16 11:19:03:193] http: GET /api/notifications/inbox?page=1&limit=10 304 - bytes - 89.850 ms
[2026-04-16 11:20:03:203] http: GET /api/notifications/inbox?page=1&limit=10 304 - bytes - 35.239 ms
[2026-04-16 11:20:46:2046] http: GET /api/specialties?limit=50 304 - bytes - 61.856 ms
[2026-04-16 11:20:46:2046] http: GET /api/specialties?limit=50 304 - bytes - 8.162 ms
[2026-04-16 11:20:46:2046] http: GET /api/facilities?limit=50&status=ACTIVE 304 - bytes - 63.614 ms
[2026-04-16 11:20:46:2046] http: GET /api/patient/profiles 304 - bytes - 85.088 ms
[2026-04-16 11:20:46:2046] http: GET /api/facilities?limit=50&status=ACTIVE 304 - bytes - 16.594 ms
[2026-04-16 11:20:46:2046] http: GET /api/patient/profiles 304 - bytes - 28.421 ms
[2026-04-16 11:20:46:2046] http: GET /api/specialties?limit=50 304 - bytes - 10.850 ms
[2026-04-16 11:20:46:2046] http: GET /api/specialties/by-facility/FAC_EHEALTH 304 - bytes - 12.408 ms
[2026-04-16 11:20:46:2046] http: GET /api/branches?facility_id=FAC_EHEALTH&status=ACTIVE 304 - bytes - 18.379 ms
[2026-04-16 11:20:46:2046] http: GET /api/staff?role=DOCTOR&page=1&limit=20&facility_id=FAC_EHEALTH 304 - bytes - 50.660 ms
[2026-04-16 11:20:46:2046] http: GET /api/specialties?limit=50 304 - bytes - 7.151 ms
[2026-04-16 11:20:46:2046] http: GET /api/specialties/by-facility/FAC_EHEALTH 304 - bytes - 12.229 ms
[2026-04-16 11:20:46:2046] http: GET /api/staff?role=DOCTOR&page=1&limit=20&branch_id=BRN_1774703672068_3c95e8fd&facility_id=FAC_EHEALTH 304 - bytes - 27.602 ms
[2026-04-16 11:20:47:2047] http: GET /api/specialties?limit=50 304 - bytes - 11.103 ms
[2026-04-16 11:20:47:2047] http: GET /api/specialties/by-facility/FAC_EHEALTH 304 - bytes - 11.440 ms
[2026-04-16 11:20:47:2047] http: GET /api/staff?role=DOCTOR&page=1&limit=20&branch_id=BR_MAIN&facility_id=FAC_EHEALTH 304 - bytes - 27.796 ms
[2026-04-16 11:20:48:2048] http: GET /api/medical-services/facilities/FAC_EHEALTH/active-services?limit=200 304 - bytes - 20.424 ms
[2026-04-16 11:20:50:2050] http: GET /api/medical-services/facilities/FAC_EHEALTH/active-services?limit=200 304 - bytes - 10.984 ms
[2026-04-16 11:20:50:2050] http: GET /api/staff?role=DOCTOR&page=1&limit=20&branch_id=BR_MAIN&facility_id=FAC_EHEALTH&specialty_id=SPC_TONG_QUAT 304 - bytes - 27.750 ms
[2026-04-16 11:20:53:2053] http: GET /api/medical-services/facilities/FAC_EHEALTH/active-services?limit=200 304 - bytes - 12.046 ms
[2026-04-16 11:20:53:2053] http: GET /api/staff?role=DOCTOR&page=1&limit=20&branch_id=BR_MAIN&facility_id=FAC_EHEALTH&specialty_id=SPC_NGOAI 304 - bytes - 27.947 ms
[2026-04-16 11:20:54:2054] http: GET /api/medical-services/facilities/FAC_EHEALTH/active-services?limit=200 304 - bytes - 9.884 ms
[2026-04-16 11:20:54:2054] http: GET /api/staff?role=DOCTOR&page=1&limit=20&branch_id=BR_MAIN&facility_id=FAC_EHEALTH&specialty_id=SPC_TONG_QUAT 304 - bytes - 27.064 ms
[2026-04-16 11:20:56:2056] http: GET /api/appointments/available-slots-by-department?department_id=DEPT_KB&facility_id=FAC_EHEALTH&branch_id=BR_MAIN&start_date=2026-04-17&days=1 200 19384 bytes - 73.285 ms
[2026-04-16 11:21:04:214] http: POST /api/appointments 201 932 bytes - 166.716 ms
[2026-04-16 11:21:04:214] http: PATCH /api/appointment-confirmations/APT_ee61cefc-1c2/confirm 200 970 bytes - 67.638 ms
[2026-04-16 11:21:04:214] http: POST /api/appointment-status/generate-qr/APT_ee61cefc-1c2 200 166 bytes - 41.737 ms
[2026-04-16 11:21:07:217] http: GET /api/patient/profiles 304 - bytes - 22.460 ms
[2026-04-16 11:21:07:217] http: GET /api/notifications/inbox?page=1&limit=10 200 7082 bytes - 33.762 ms
[2026-04-16 11:21:07:217] http: GET /api/patient/profiles 304 - bytes - 21.031 ms
[2026-04-16 11:21:07:217] http: GET /api/notifications/inbox?page=1&limit=10 304 - bytes - 35.210 ms
[2026-04-16 11:21:07:217] http: GET /api/appointments/my-appointments?patient_id=PAT_001&status=PENDING,CONFIRMED&limit=20 200 2697 bytes - 50.998 ms
[2026-04-16 11:22:07:227] http: GET /api/notifications/inbox?page=1&limit=10 304 - bytes - 37.437 ms
[2026-04-16 11:22:14:2214] http: GET /api/appointments/my-appointments?patient_id=PAT_001&status=COMPLETED&limit=20 304 - bytes - 53.574 ms
[2026-04-16 11:22:15:2215] http: GET /api/appointments/my-appointments?patient_id=PAT_001&status=CANCELLED&limit=20 304 - bytes - 45.360 ms
[2026-04-16 11:22:18:2218] http: GET /api/appointments/my-appointments?patient_id=PAT_001&status=PENDING,CONFIRMED&limit=20 304 - bytes - 46.700 ms
[2026-04-16 11:22:20:2220] http: GET /api/appointments/my-appointments?patient_id=PAT_001&status=COMPLETED&limit=20 304 - bytes - 43.490 ms
[2026-04-16 11:22:21:2221] http: GET /api/appointments/my-appointments?patient_id=PAT_001&status=CANCELLED&limit=20 304 - bytes - 42.898 ms
[2026-04-16 11:22:21:2221] http: GET /api/appointments/my-appointments?patient_id=PAT_001&status=COMPLETED&limit=20 304 - bytes - 41.935 ms
[2026-04-16 11:22:22:2222] http: GET /api/appointments/my-appointments?patient_id=PAT_001&status=PENDING,CONFIRMED&limit=20 304 - bytes - 53.171 ms
[2026-04-16 11:22:25:2225] http: GET /api/specialties?limit=50 304 - bytes - 73.452 ms
[2026-04-16 11:22:25:2225] http: GET /api/specialties?limit=50 304 - bytes - 13.511 ms
[2026-04-16 11:22:25:2225] http: GET /api/facilities?limit=50&status=ACTIVE 304 - bytes - 91.816 ms
[2026-04-16 11:22:25:2225] http: GET /api/patient/profiles 304 - bytes - 107.676 ms
[2026-04-16 11:22:25:2225] http: GET /api/facilities?limit=50&status=ACTIVE 304 - bytes - 28.393 ms
[2026-04-16 11:22:25:2225] http: GET /api/patient/profiles 304 - bytes - 53.417 ms
[2026-04-16 11:22:25:2225] http: GET /api/specialties?limit=50 304 - bytes - 39.601 ms
[2026-04-16 11:22:25:2225] http: GET /api/branches?facility_id=FAC_EHEALTH&status=ACTIVE 304 - bytes - 12.134 ms
[2026-04-16 11:22:25:2225] http: GET /api/specialties/by-facility/FAC_EHEALTH 304 - bytes - 12.560 ms
[2026-04-16 11:22:25:2225] http: GET /api/staff?role=DOCTOR&page=1&limit=20&facility_id=FAC_EHEALTH 304 - bytes - 35.655 ms
[2026-04-16 11:22:25:2225] http: GET /api/specialties?limit=50 304 - bytes - 10.703 ms
[2026-04-16 11:22:25:2225] http: GET /api/specialties/by-facility/FAC_EHEALTH 304 - bytes - 7.042 ms
[2026-04-16 11:22:25:2225] http: GET /api/staff?role=DOCTOR&page=1&limit=20&branch_id=BRN_1774703672068_3c95e8fd&facility_id=FAC_EHEALTH 304 - bytes - 22.181 ms
[2026-04-16 11:22:26:2226] http: GET /api/specialties?limit=50 304 - bytes - 7.734 ms
[2026-04-16 11:22:26:2226] http: GET /api/specialties/by-facility/FAC_EHEALTH 304 - bytes - 9.079 ms
[2026-04-16 11:22:26:2226] http: GET /api/staff?role=DOCTOR&page=1&limit=20&branch_id=BR_MAIN&facility_id=FAC_EHEALTH 304 - bytes - 27.985 ms
[2026-04-16 11:22:27:2227] http: GET /api/medical-services/facilities/FAC_EHEALTH/active-services?limit=200 304 - bytes - 16.813 ms
[2026-04-16 11:22:28:2228] http: GET /api/medical-services/facilities/FAC_EHEALTH/active-services?limit=200 304 - bytes - 11.188 ms
[2026-04-16 11:22:28:2228] http: GET /api/staff?role=DOCTOR&page=1&limit=20&branch_id=BR_MAIN&facility_id=FAC_EHEALTH&specialty_id=SPC_NGOAI 304 - bytes - 22.369 ms
[2026-04-16 11:22:29:2229] http: GET /api/medical-services/facilities/FAC_EHEALTH/active-services?limit=200 304 - bytes - 9.364 ms
[2026-04-16 11:22:29:2229] http: GET /api/staff?role=DOCTOR&page=1&limit=20&branch_id=BR_MAIN&facility_id=FAC_EHEALTH&specialty_id=SPC_SAN 304 - bytes - 21.457 ms
[2026-04-16 11:22:30:2230] http: GET /api/medical-services/facilities/FAC_EHEALTH/active-services?limit=200 304 - bytes - 10.629 ms
[2026-04-16 11:22:30:2230] http: GET /api/staff?role=DOCTOR&page=1&limit=20&branch_id=BR_MAIN&facility_id=FAC_EHEALTH&specialty_id=SPC_TONG_QUAT 304 - bytes - 28.497 ms
[2026-04-16 11:22:31:2231] http: GET /api/medical-services/facilities/FAC_EHEALTH/active-services?limit=200 304 - bytes - 8.730 ms
[2026-04-16 11:22:31:2231] http: GET /api/staff?role=DOCTOR&page=1&limit=20&branch_id=BR_MAIN&facility_id=FAC_EHEALTH&specialty_id=SPC_NGOAI 304 - bytes - 25.482 ms
[2026-04-16 11:22:33:2233] http: GET /api/appointments/available-slots-by-department?department_id=DEPT_NGOAI&facility_id=FAC_EHEALTH&branch_id=BR_MAIN&start_date=2026-04-24&days=1 200 10442 bytes - 54.873 ms
[2026-04-16 11:22:34:2234] http: GET /api/appointments/available-slots-by-department?department_id=DEPT_NGOAI&facility_id=FAC_EHEALTH&branch_id=BR_MAIN&start_date=2026-04-20&days=1 200 10442 bytes - 54.527 ms
[2026-04-16 11:22:41:2241] http: POST /api/appointments 201 935 bytes - 131.182 ms
[2026-04-16 11:22:41:2241] http: PATCH /api/appointment-confirmations/APT_a0b54ffc-904/confirm 200 973 bytes - 67.238 ms
[2026-04-16 11:22:41:2241] http: POST /api/appointment-status/generate-qr/APT_a0b54ffc-904 200 166 bytes - 37.765 ms
[2026-04-16 11:22:42:2242] http: GET /api/patient/profiles 304 - bytes - 22.436 ms
[2026-04-16 11:22:42:2242] http: GET /api/notifications/inbox?page=1&limit=10 200 7148 bytes - 38.879 ms
[2026-04-16 11:22:42:2242] http: GET /api/patient/profiles 304 - bytes - 25.028 ms
[2026-04-16 11:22:42:2242] http: GET /api/notifications/inbox?page=1&limit=10 304 - bytes - 39.500 ms
[2026-04-16 11:22:42:2242] http: GET /api/appointments/my-appointments?patient_id=PAT_001&status=PENDING,CONFIRMED&limit=20 200 3932 bytes - 42.920 ms
[2026-04-16 11:23:33:2333] http: GET /api/specialties?limit=50 304 - bytes - 51.922 ms
[2026-04-16 11:23:33:2333] http: GET /api/specialties?limit=50 304 - bytes - 6.938 ms
[2026-04-16 11:23:33:2333] http: GET /api/facilities?limit=50&status=ACTIVE 304 - bytes - 57.695 ms
[2026-04-16 11:23:33:2333] http: GET /api/patient/profiles 304 - bytes - 71.147 ms
[2026-04-16 11:23:33:2333] http: GET /api/facilities?limit=50&status=ACTIVE 304 - bytes - 12.776 ms
[2026-04-16 11:23:33:2333] http: GET /api/patient/profiles 304 - bytes - 22.593 ms
[2026-04-16 11:23:33:2333] http: GET /api/specialties?limit=50 304 - bytes - 8.972 ms
[2026-04-16 11:23:33:2333] http: GET /api/branches?facility_id=FAC_EHEALTH&status=ACTIVE 304 - bytes - 15.475 ms
[2026-04-16 11:23:33:2333] http: GET /api/staff?role=DOCTOR&page=1&limit=20&facility_id=FAC_EHEALTH 304 - bytes - 33.665 ms
[2026-04-16 11:23:33:2333] http: GET /api/specialties/by-facility/FAC_EHEALTH 304 - bytes - 10.671 ms
[2026-04-16 11:23:33:2333] http: GET /api/specialties?limit=50 304 - bytes - 8.404 ms
[2026-04-16 11:23:33:2333] http: GET /api/specialties/by-facility/FAC_EHEALTH 304 - bytes - 9.136 ms
[2026-04-16 11:23:33:2333] http: GET /api/staff?role=DOCTOR&page=1&limit=20&branch_id=BRN_1774703672068_3c95e8fd&facility_id=FAC_EHEALTH 304 - bytes - 21.689 ms
[2026-04-16 11:23:34:2334] http: GET /api/specialties?limit=50 304 - bytes - 10.677 ms
[2026-04-16 11:23:34:2334] http: GET /api/specialties/by-facility/FAC_EHEALTH 304 - bytes - 13.932 ms
[2026-04-16 11:23:34:2334] http: GET /api/staff?role=DOCTOR&page=1&limit=20&branch_id=BR_MAIN&facility_id=FAC_EHEALTH 304 - bytes - 33.507 ms
[2026-04-16 11:23:35:2335] http: GET /api/medical-services/facilities/FAC_EHEALTH/active-services?limit=200 304 - bytes - 9.908 ms
[2026-04-16 11:23:37:2337] http: GET /api/medical-services/facilities/FAC_EHEALTH/active-services?limit=200 304 - bytes - 9.658 ms
[2026-04-16 11:23:37:2337] http: GET /api/staff?role=DOCTOR&page=1&limit=20&branch_id=BR_MAIN&facility_id=FAC_EHEALTH&specialty_id=SPC_TONG_QUAT 304 - bytes - 22.047 ms
[2026-04-16 11:23:39:2339] http: GET /api/appointments/available-slots-by-department?department_id=DEPT_KB&facility_id=FAC_EHEALTH&branch_id=BR_MAIN&start_date=2026-04-16&days=1 200 9250 bytes - 52.114 ms
[2026-04-16 11:23:46:2346] http: POST /api/appointments 201 932 bytes - 174.564 ms
[2026-04-16 11:23:46:2346] http: PATCH /api/appointment-confirmations/APT_e65278ea-439/confirm 200 970 bytes - 53.619 ms
[2026-04-16 11:23:46:2346] http: POST /api/appointment-status/generate-qr/APT_e65278ea-439 200 166 bytes - 36.366 ms
[2026-04-16 11:23:47:2347] http: GET /api/patient/profiles 304 - bytes - 23.329 ms
[2026-04-16 11:23:47:2347] http: GET /api/notifications/inbox?page=1&limit=10 200 7209 bytes - 38.958 ms
[2026-04-16 11:23:47:2347] http: GET /api/patient/profiles 304 - bytes - 24.683 ms
[2026-04-16 11:23:47:2347] http: GET /api/notifications/inbox?page=1&limit=10 304 - bytes - 36.275 ms
[2026-04-16 11:23:47:2347] http: GET /api/appointments/my-appointments?patient_id=PAT_001&status=PENDING,CONFIRMED&limit=20 200 5173 bytes - 49.366 ms
[2026-04-16 11:24:47:2447] http: GET /api/notifications/inbox?page=1&limit=10 304 - bytes - 68.625 ms
[2026-04-16 11:25:47:2547] http: GET /api/notifications/inbox?page=1&limit=10 304 - bytes - 167.059 ms
[2026-04-16 11:26:26:2626] http: GET /api/notifications/inbox?page=1&limit=10 304 - bytes - 45.532 ms
[2026-04-16 11:26:26:2626] http: GET /api/patient/profiles 304 - bytes - 80.067 ms
[2026-04-16 11:26:26:2626] http: GET /api/notifications/inbox?page=1&limit=10 304 - bytes - 53.674 ms
[2026-04-16 11:26:26:2626] http: GET /api/patient/profiles 304 - bytes - 30.292 ms
[2026-04-16 11:26:26:2626] http: GET /api/appointments/my-appointments?patient_id=PAT_001&status=PENDING,CONFIRMED&limit=50 200 5173 bytes - 128.239 ms
[2026-04-16 11:27:26:2726] http: GET /api/notifications/inbox?page=1&limit=10 304 - bytes - 38.231 ms
[2026-04-16 11:28:26:2826] http: GET /api/notifications/inbox?page=1&limit=10 304 - bytes - 33.889 ms
[2026-04-16 11:29:26:2926] http: GET /api/notifications/inbox?page=1&limit=10 304 - bytes - 36.186 ms
[2026-04-16 11:30:26:3026] http: GET /api/notifications/inbox?page=1&limit=10 304 - bytes - 31.983 ms
[2026-04-16 11:31:26:3126] http: GET /api/notifications/inbox?page=1&limit=10 304 - bytes - 34.934 ms
[2026-04-16 11:32:26:3226] http: GET /api/notifications/inbox?page=1&limit=10 304 - bytes - 35.711 ms
[2026-04-16 11:32:45:3245] warn: ⚠️  Không tìm thấy file D:\WEB\Web He thong quan ly phong kham\src\E-Health_server\.env.development, thử load .env mặc định...
[2026-04-16 11:32:45:3245] info: ┌──────────────────────────────────────────────┐
[2026-04-16 11:32:45:3245] info: │  🔧 DEVELOPMENT MODE                        │
[2026-04-16 11:32:45:3245] info: │  📄 Loaded: .env.development
[2026-04-16 11:32:45:3245] info: │  🔌 DB: 160.250.186.97:5432/ehealthdatabase
[2026-04-16 11:32:45:3245] info: │  🌐 Frontend: dev.thanhhaishopwebsite.id.vn
[2026-04-16 11:32:45:3245] info: │  📊 Log level: debug
[2026-04-16 11:32:45:3245] info: │  💳 SePay: PRODUCTION
[2026-04-16 11:32:45:3245] info: └──────────────────────────────────────────────┘
[2026-04-16 11:32:48:3248] info: ✅ Firebase Admin SDK đã khởi tạo thành công.
[2026-04-16 11:32:49:3249] info: 📅 [CRON] Appointment Reminder Job đã khởi động (mỗi 15 phút).
[2026-04-16 11:32:49:3249] info: [PaymentOrderExpiry] Cron job đã khởi động (mỗi 1 phút).
[2026-04-16 11:32:49:3249] info: [AppointmentNoShow] Cron job đã khởi động (chạy mỗi 5 phút). Quét NO_SHOW với buffer 10 phút.
[2026-04-16 11:32:45:3245] warn: ⚠️  Không tìm thấy file D:\WEB\Web He thong quan ly phong kham\src\E-Health_server\.env.development, thử load .env mặc định...
[2026-04-16 11:32:45:3245] info: ┌──────────────────────────────────────────────┐
[2026-04-16 11:32:45:3245] info: │  🔧 DEVELOPMENT MODE                        │
[2026-04-16 11:32:45:3245] info: │  📄 Loaded: .env.development
[2026-04-16 11:32:45:3245] info: │  🔌 DB: 160.250.186.97:5432/ehealthdatabase
[2026-04-16 11:32:45:3245] info: │  🌐 Frontend: dev.thanhhaishopwebsite.id.vn
[2026-04-16 11:32:45:3245] info: │  📊 Log level: debug
[2026-04-16 11:32:45:3245] info: │  💳 SePay: PRODUCTION
[2026-04-16 11:32:45:3245] info: └──────────────────────────────────────────────┘
[2026-04-16 11:32:48:3248] info: ✅ Firebase Admin SDK đã khởi tạo thành công.
[2026-04-16 11:32:49:3249] info: 📅 [CRON] Appointment Reminder Job đã khởi động (mỗi 15 phút).
[2026-04-16 11:32:49:3249] info: [PaymentOrderExpiry] Cron job đã khởi động (mỗi 1 phút).
[2026-04-16 11:32:49:3249] info: [AppointmentNoShow] Cron job đã khởi động (chạy mỗi 5 phút). Quét NO_SHOW với buffer 10 phút.
[2026-04-16 11:32:49:3249] info: ✅ Kết nối PostgreSQL thành công
[2026-04-16 11:32:49:3249] info: ✅ Kết nối PostgreSQL thành công
[2026-04-16 11:32:49:3249] info: ✅ Load cấu hình Dynamic API Permissions vào Cache thành công!
[2026-04-16 11:32:50:3250] info: 🚀 Server is running on port 3000
[2026-04-16 11:32:50:3250] info: 📅 [CRON] Appointment Reminder Job đã khởi động (mỗi 15 phút).
[2026-04-16 11:32:50:3250] info: 🔍 [CRON] No-Show Detection Job đã khởi động (mỗi 30 phút).
[2026-04-16 11:32:50:3250] info: ✅ Load cấu hình Dynamic API Permissions vào Cache thành công!
[2026-04-16 11:32:50:3250] info: 🚀 Server is running on port 3000
[2026-04-16 11:32:50:3250] info: 📅 [CRON] Appointment Reminder Job đã khởi động (mỗi 15 phút).
[2026-04-16 11:32:50:3250] info: 🔍 [CRON] No-Show Detection Job đã khởi động (mỗi 30 phút).
[2026-04-16 11:33:46:3346] http: GET /api/notifications/inbox?page=1&limit=10 304 - bytes - 41.623 ms
[2026-04-16 11:34:46:3446] http: GET /api/notifications/inbox?page=1&limit=10 304 - bytes - 77.770 ms
[2026-04-16 11:34:58:3458] http: GET /api/notifications/inbox?page=1&limit=10 304 - bytes - 35.101 ms
[2026-04-16 11:34:58:3458] http: GET /api/patient/profiles 304 - bytes - 61.827 ms
[2026-04-16 11:34:58:3458] http: GET /api/notifications/inbox?page=1&limit=10 304 - bytes - 34.401 ms
[2026-04-16 11:34:58:3458] http: GET /api/patient/profiles 304 - bytes - 21.135 ms
[2026-04-16 11:34:59:3459] http: GET /api/appointments/my-appointments?patient_id=PAT_001&status=PENDING,CONFIRMED&limit=50 304 - bytes - 43.677 ms
[2026-04-16 11:35:06:356] info: 
🛑 Nhận tín hiệu SIGINT. Đang tiến hành tắt server an toàn...
[2026-04-16 11:35:26:3526] warn: ⚠️  Không tìm thấy file D:\WEB\Web He thong quan ly phong kham\src\E-Health_server\.env.development, thử load .env mặc định...
[2026-04-16 11:35:26:3526] info: ┌──────────────────────────────────────────────┐
[2026-04-16 11:35:26:3526] info: │  🔧 DEVELOPMENT MODE                        │
[2026-04-16 11:35:26:3526] info: │  📄 Loaded: .env.development
[2026-04-16 11:35:26:3526] info: │  🔌 DB: 160.250.186.97:5432/ehealthdatabase
[2026-04-16 11:35:26:3526] info: │  🌐 Frontend: dev.thanhhaishopwebsite.id.vn
[2026-04-16 11:35:26:3526] info: │  📊 Log level: debug
[2026-04-16 11:35:26:3526] info: │  💳 SePay: PRODUCTION
[2026-04-16 11:35:26:3526] info: └──────────────────────────────────────────────┘
[2026-04-16 11:35:30:3530] info: ✅ Firebase Admin SDK đã khởi tạo thành công.
[2026-04-16 11:35:34:3534] info: 📅 [CRON] Appointment Reminder Job đã khởi động (mỗi 15 phút).
[2026-04-16 11:35:34:3534] info: [PaymentOrderExpiry] Cron job đã khởi động (mỗi 1 phút).
[2026-04-16 11:35:34:3534] info: [AppointmentNoShow] Cron job đã khởi động (chạy mỗi 5 phút). Quét NO_SHOW với buffer 10 phút.
[2026-04-16 11:35:34:3534] info: ✅ Kết nối PostgreSQL thành công
[2026-04-16 11:35:34:3534] info: ✅ Load cấu hình Dynamic API Permissions vào Cache thành công!
[2026-04-16 11:35:34:3534] info: 🚀 Server is running on port 3000
[2026-04-16 11:35:34:3534] info: 📅 [CRON] Appointment Reminder Job đã khởi động (mỗi 15 phút).
[2026-04-16 11:35:34:3534] info: 🔍 [CRON] No-Show Detection Job đã khởi động (mỗi 30 phút).
[2026-04-16 11:35:37:3537] http: GET /api/patient/profiles 304 - bytes - 167.699 ms
[2026-04-16 11:35:37:3537] http: GET /api/notifications/inbox?page=1&limit=10 304 - bytes - 184.137 ms
[2026-04-16 11:35:37:3537] http: GET /api/patient/profiles 304 - bytes - 67.798 ms
[2026-04-16 11:35:37:3537] http: GET /api/appointments/my-appointments?patient_id=PAT_001&status=PENDING,CONFIRMED&limit=50 304 - bytes - 121.992 ms
[2026-04-16 11:35:38:3538] http: GET /api/notifications/inbox?page=1&limit=10 304 - bytes - 202.971 ms
[2026-04-16 11:36:37:3637] http: GET /api/notifications/inbox?page=1&limit=10 304 - bytes - 70.301 ms
[2026-04-16 11:36:57:3657] http: GET /api/notifications/inbox?page=1&limit=10 304 - bytes - 36.471 ms
[2026-04-16 11:36:57:3657] http: GET /api/patient/profiles 304 - bytes - 67.615 ms
[2026-04-16 11:36:57:3657] http: GET /api/notifications/inbox?page=1&limit=10 304 - bytes - 37.044 ms
[2026-04-16 11:36:57:3657] http: GET /api/patient/profiles 304 - bytes - 22.157 ms
[2026-04-16 11:36:57:3657] http: GET /api/appointments/my-appointments?patient_id=PAT_001&status=PENDING,CONFIRMED&limit=50 304 - bytes - 113.155 ms
[2026-04-16 11:36:59:3659] http: GET /api/appointments/APT_3d22e6da-beb 304 - bytes - 36.651 ms
[2026-04-16 11:37:00:370] http: GET /api/appointments/APT_3d22e6da-beb 304 - bytes - 37.320 ms
[2026-04-16 11:37:03:373] http: GET /api/patient/profiles 304 - bytes - 83.269 ms
[2026-04-16 11:37:03:373] http: GET /api/patient/profiles 304 - bytes - 18.241 ms
[2026-04-16 11:37:03:373] http: GET /api/appointments/my-appointments?patient_id=PAT_001&status=PENDING,CONFIRMED&limit=50 304 - bytes - 50.684 ms
[2026-04-16 11:37:27:3727] http: GET /api/patient/profiles 304 - bytes - 28.857 ms
[2026-04-16 11:37:27:3727] http: GET /api/notifications/inbox?page=1&limit=10 304 - bytes - 44.814 ms
[2026-04-16 11:37:27:3727] http: GET /api/patient/profiles 304 - bytes - 25.110 ms
[2026-04-16 11:37:27:3727] http: GET /api/notifications/inbox?page=1&limit=10 304 - bytes - 37.547 ms
[2026-04-16 11:37:28:3728] http: GET /api/appointments/my-appointments?patient_id=PAT_001&status=PENDING,CONFIRMED&limit=50 304 - bytes - 53.478 ms
[2026-04-16 11:38:28:3828] http: GET /api/notifications/inbox?page=1&limit=10 304 - bytes - 34.429 ms
[2026-04-16 11:39:28:3928] http: GET /api/notifications/inbox?page=1&limit=10 304 - bytes - 32.004 ms
