[2026-04-16 11:35:06:356] error: ❌ Lỗi khi tắt HTTP Server:
[2026-04-16 12:10:37:1037] error: [UnhandledError] GET /api/patients/PAT_001/documents Không tìm thấy hồ sơ bệnh nhân được chỉ định.
[2026-04-16 12:10:37:1037] error: [UnhandledError] GET /api/patients/PAT_001/documents Không tìm thấy hồ sơ bệnh nhân được chỉ định.
[2026-04-16 12:10:53:1053] error: [UnhandledError] GET /api/patients/PAT_001/documents Không tìm thấy hồ sơ bệnh nhân được chỉ định.
[2026-04-16 12:10:53:1053] error: [UnhandledError] GET /api/patients/PAT_001/documents Không tìm thấy hồ sơ bệnh nhân được chỉ định.
[2026-04-16 12:11:51:1151] error: [UnhandledError] GET /api/patients/PAT_001/documents Không tìm thấy hồ sơ bệnh nhân được chỉ định.
[2026-04-16 12:11:57:1157] error: [UnhandledError] GET /api/patients/PAT_001/documents Không tìm thấy hồ sơ bệnh nhân được chỉ định.
[2026-04-16 12:11:57:1157] error: [UnhandledError] GET /api/patients/PAT_001/documents Không tìm thấy hồ sơ bệnh nhân được chỉ định.
[2026-04-16 12:12:25:1225] error: [UnhandledError] GET /api/patients/PAT_001/documents Không tìm thấy hồ sơ bệnh nhân được chỉ định.
[2026-04-16 12:12:25:1225] error: [UnhandledError] GET /api/patients/PAT_001/documents Không tìm thấy hồ sơ bệnh nhân được chỉ định.
[2026-04-16 12:13:06:136] error: [UnhandledError] GET /api/patients/PAT_001/documents Không tìm thấy hồ sơ bệnh nhân được chỉ định.
[2026-04-16 12:13:06:136] error: [UnhandledError] GET /api/patients/PAT_001/documents Không tìm thấy hồ sơ bệnh nhân được chỉ định.
[2026-04-16 12:13:50:1350] error: [UnhandledError] GET /api/patients/PAT_001/documents Không tìm thấy hồ sơ bệnh nhân được chỉ định.
[2026-04-16 12:13:50:1350] error: [UnhandledError] GET /api/patients/PAT_001/documents Không tìm thấy hồ sơ bệnh nhân được chỉ định.
[2026-04-16 12:18:09:189] error: [UnhandledError] POST /api/auth/login/phone Tài khoản hoặc mật khẩu không chính xác
[DEBUG] getList patientId: undefined, type: undefined
[DEBUG] getList patientId: undefined, type: undefined
[DEBUG] getList patientId: undefined, type: undefined

[DEBUG] GETLIST CALLED. req.path=/PAT_001/documents, req.params={"patientId":"PAT_001"}, req.query={}

[INLINE HANDLER BEFORE] req.query={}
[INLINE HANDLER AFTER] req.query={}

[DEBUG] GETLIST CALLED. req.path=/PAT_001/documents, req.params={"patientId":"PAT_001"}, req.query={}
[2026-04-16 12:43:03:433] error: [UnhandledError] GET /api/ehr/patients/USR_PAT_121/timeline Bệnh nhân không tồn tại hoặc đã bị xóa
[2026-04-16 12:43:04:434] error: [UnhandledError] GET /api/ehr/patients/USR_PAT_121/timeline Bệnh nhân không tồn tại hoặc đã bị xóa
[2026-04-16 12:43:05:435] error: [UnhandledError] GET /api/ehr/patients/USR_PAT_121/timeline Bệnh nhân không tồn tại hoặc đã bị xóa
[2026-04-16 12:43:06:436] error: [UnhandledError] GET /api/ehr/patients/USR_PAT_121/timeline Bệnh nhân không tồn tại hoặc đã bị xóa
[2026-04-16 12:49:04:494] error: [UnhandledError] GET /api/ehr/patients/USR_PAT_121/profile Bệnh nhân không tồn tại hoặc đã bị xóa
[2026-04-16 12:49:04:494] error: [UnhandledError] GET /api/ehr/patients/USR_PAT_121/profile Bệnh nhân không tồn tại hoặc đã bị xóa
[2026-04-16 12:49:04:494] error: [UnhandledError] GET /api/ehr/patients/USR_PAT_121/current-medications Bệnh nhân không tồn tại hoặc đã bị xóa
[2026-04-16 12:49:04:494] error: [UnhandledError] GET /api/ehr/patients/USR_PAT_121/allergies Bệnh nhân không tồn tại hoặc đã bị xóa
[2026-04-16 12:49:04:494] error: [UnhandledError] GET /api/ehr/patients/USR_PAT_121/current-medications Bệnh nhân không tồn tại hoặc đã bị xóa
[2026-04-16 12:49:04:494] error: [UnhandledError] GET /api/ehr/patients/USR_PAT_121/allergies Bệnh nhân không tồn tại hoặc đã bị xóa
[2026-04-16 12:50:25:5025] error: [UnhandledError] GET /api/ehr/patients/USR_PAT_121/current-medications Bệnh nhân không tồn tại hoặc đã bị xóa
[2026-04-16 12:50:25:5025] error: [UnhandledError] GET /api/ehr/patients/USR_PAT_121/profile Bệnh nhân không tồn tại hoặc đã bị xóa
[2026-04-16 12:50:25:5025] error: [UnhandledError] GET /api/ehr/patients/USR_PAT_121/profile Bệnh nhân không tồn tại hoặc đã bị xóa
[2026-04-16 12:50:25:5025] error: [UnhandledError] GET /api/ehr/patients/USR_PAT_121/allergies Bệnh nhân không tồn tại hoặc đã bị xóa
[2026-04-16 12:50:25:5025] error: [UnhandledError] GET /api/ehr/patients/USR_PAT_121/current-medications Bệnh nhân không tồn tại hoặc đã bị xóa
[2026-04-16 12:50:25:5025] error: [UnhandledError] GET /api/ehr/patients/USR_PAT_121/allergies Bệnh nhân không tồn tại hoặc đã bị xóa
[2026-04-16 12:53:54:5354] error: [UnhandledError] GET /api/ehr/patients/USR_PAT_121/profile Bệnh nhân không tồn tại hoặc đã bị xóa
[2026-04-16 12:53:54:5354] error: [UnhandledError] GET /api/ehr/patients/USR_PAT_121/current-medications Bệnh nhân không tồn tại hoặc đã bị xóa
[2026-04-16 12:53:54:5354] error: [UnhandledError] GET /api/ehr/patients/USR_PAT_121/allergies Bệnh nhân không tồn tại hoặc đã bị xóa
[2026-04-16 12:53:54:5354] error: [UnhandledError] GET /api/ehr/patients/USR_PAT_121/profile Bệnh nhân không tồn tại hoặc đã bị xóa
[2026-04-16 12:53:54:5354] error: [UnhandledError] GET /api/ehr/patients/USR_PAT_121/current-medications Bệnh nhân không tồn tại hoặc đã bị xóa
[2026-04-16 12:53:54:5354] error: [UnhandledError] GET /api/ehr/patients/USR_PAT_121/allergies Bệnh nhân không tồn tại hoặc đã bị xóa
[2026-04-16 13:25:00:250] error: [AppointmentNoShow] Lỗi khi xử lý quét NO_SHOW tự động: insert or update on table "appointment_audit_logs" violates foreign key constraint "appointment_audit_logs_changed_by_fkey"
[2026-04-16 13:25:00:250] error: [AppointmentNoShow] Lỗi khi xử lý quét NO_SHOW tự động: insert or update on table "appointment_audit_logs" violates foreign key constraint "appointment_audit_logs_changed_by_fkey"
[2026-04-16 13:30:00:300] error: [AppointmentNoShow] Lỗi khi xử lý quét NO_SHOW tự động: insert or update on table "appointment_audit_logs" violates foreign key constraint "appointment_audit_logs_changed_by_fkey"
[2026-04-16 13:30:00:300] error: [AppointmentNoShow] Lỗi khi xử lý quét NO_SHOW tự động: insert or update on table "appointment_audit_logs" violates foreign key constraint "appointment_audit_logs_changed_by_fkey"
[2026-04-16 13:35:00:350] error: [AppointmentNoShow] Lỗi khi xử lý quét NO_SHOW tự động: insert or update on table "appointment_audit_logs" violates foreign key constraint "appointment_audit_logs_changed_by_fkey"
[2026-04-16 13:35:00:350] error: [AppointmentNoShow] Lỗi khi xử lý quét NO_SHOW tự động: insert or update on table "appointment_audit_logs" violates foreign key constraint "appointment_audit_logs_changed_by_fkey"
[2026-04-16 13:40:00:400] error: [AppointmentNoShow] Lỗi khi xử lý quét NO_SHOW tự động: insert or update on table "appointment_audit_logs" violates foreign key constraint "appointment_audit_logs_changed_by_fkey"
[2026-04-16 13:40:00:400] error: [AppointmentNoShow] Lỗi khi xử lý quét NO_SHOW tự động: insert or update on table "appointment_audit_logs" violates foreign key constraint "appointment_audit_logs_changed_by_fkey"
[2026-04-16 13:45:00:450] error: [AppointmentNoShow] Lỗi khi xử lý quét NO_SHOW tự động: insert or update on table "appointment_audit_logs" violates foreign key constraint "appointment_audit_logs_changed_by_fkey"
[2026-04-16 13:45:00:450] error: [AppointmentNoShow] Lỗi khi xử lý quét NO_SHOW tự động: insert or update on table "appointment_audit_logs" violates foreign key constraint "appointment_audit_logs_changed_by_fkey"
[2026-04-16 13:50:00:500] error: [AppointmentNoShow] Lỗi khi xử lý quét NO_SHOW tự động: insert or update on table "appointment_audit_logs" violates foreign key constraint "appointment_audit_logs_changed_by_fkey"
[2026-04-16 13:50:00:500] error: [AppointmentNoShow] Lỗi khi xử lý quét NO_SHOW tự động: insert or update on table "appointment_audit_logs" violates foreign key constraint "appointment_audit_logs_changed_by_fkey"
[2026-04-16 13:55:00:550] error: [AppointmentNoShow] Lỗi khi xử lý quét NO_SHOW tự động: insert or update on table "appointment_audit_logs" violates foreign key constraint "appointment_audit_logs_changed_by_fkey"
[2026-04-16 13:55:00:550] error: [AppointmentNoShow] Lỗi khi xử lý quét NO_SHOW tự động: insert or update on table "appointment_audit_logs" violates foreign key constraint "appointment_audit_logs_changed_by_fkey"
[2026-04-16 14:00:00:00] error: [AppointmentNoShow] Lỗi khi xử lý quét NO_SHOW tự động: insert or update on table "appointment_audit_logs" violates foreign key constraint "appointment_audit_logs_changed_by_fkey"
[2026-04-16 14:00:00:00] error: [AppointmentNoShow] Lỗi khi xử lý quét NO_SHOW tự động: insert or update on table "appointment_audit_logs" violates foreign key constraint "appointment_audit_logs_changed_by_fkey"
[2026-04-16 14:09:41:941] error: [UnhandledError] GET /api/ehr/patients/USR_PAT_121/current-medications Bệnh nhân không tồn tại hoặc đã bị xóa
[2026-04-16 14:09:41:941] error: [UnhandledError] GET /api/ehr/patients/USR_PAT_121/profile Bệnh nhân không tồn tại hoặc đã bị xóa
[2026-04-16 14:09:41:941] error: [UnhandledError] GET /api/ehr/patients/USR_PAT_121/allergies Bệnh nhân không tồn tại hoặc đã bị xóa
[2026-04-16 14:09:41:941] error: [UnhandledError] GET /api/ehr/patients/USR_PAT_121/current-medications Bệnh nhân không tồn tại hoặc đã bị xóa
[2026-04-16 14:09:41:941] error: [UnhandledError] GET /api/ehr/patients/USR_PAT_121/allergies Bệnh nhân không tồn tại hoặc đã bị xóa
[2026-04-16 14:09:41:941] error: [UnhandledError] GET /api/ehr/patients/USR_PAT_121/profile Bệnh nhân không tồn tại hoặc đã bị xóa
[2026-04-16 14:09:43:943] error: [UnhandledError] GET /api/ehr/patients/USR_PAT_121/profile Bệnh nhân không tồn tại hoặc đã bị xóa
[2026-04-16 14:09:43:943] error: [UnhandledError] GET /api/ehr/patients/USR_PAT_121/allergies Bệnh nhân không tồn tại hoặc đã bị xóa
[2026-04-16 14:09:43:943] error: [UnhandledError] GET /api/ehr/patients/USR_PAT_121/current-medications Bệnh nhân không tồn tại hoặc đã bị xóa
[2026-04-16 14:15:31:1531] error: [UnhandledError] GET /api/ehr/patients/USR_PAT_121/allergies Bệnh nhân không tồn tại hoặc đã bị xóa
[2026-04-16 14:15:31:1531] error: [UnhandledError] GET /api/ehr/patients/USR_PAT_121/allergies Bệnh nhân không tồn tại hoặc đã bị xóa
[2026-04-16 14:15:32:1532] error: [UnhandledError] GET /api/ehr/patients/USR_PAT_121/allergies Bệnh nhân không tồn tại hoặc đã bị xóa
[2026-04-16 14:15:37:1537] error: [UnhandledError] GET /api/ehr/patients/USR_PAT_121/allergies Bệnh nhân không tồn tại hoặc đã bị xóa
[2026-04-16 14:15:37:1537] error: [UnhandledError] GET /api/ehr/patients/USR_PAT_121/allergies Bệnh nhân không tồn tại hoặc đã bị xóa
[2026-04-16 14:15:37:1537] error: [UnhandledError] GET /api/ehr/patients/USR_PAT_121/allergies Bệnh nhân không tồn tại hoặc đã bị xóa
[2026-04-16 14:15:41:1541] error: [UnhandledError] GET /api/ehr/patients/USR_PAT_121/vitals/latest Bệnh nhân không tồn tại hoặc đã bị xóa
[2026-04-16 14:15:41:1541] error: [UnhandledError] GET /api/ehr/patients/USR_PAT_121/vitals Bệnh nhân không tồn tại hoặc đã bị xóa
[2026-04-16 14:15:42:1542] error: [UnhandledError] GET /api/ehr/patients/USR_PAT_121/medical-histories Bệnh nhân không tồn tại hoặc đã bị xóa
[2026-04-16 14:15:42:1542] error: [UnhandledError] GET /api/ehr/patients/USR_PAT_121/treatment-records Bệnh nhân không tồn tại hoặc đã bị xóa
[2026-04-16 14:15:44:1544] error: [UnhandledError] GET /api/ehr/patients/USR_PAT_121/timeline Bệnh nhân không tồn tại hoặc đã bị xóa
[2026-04-16 14:15:45:1545] error: [UnhandledError] GET /api/ehr/patients/USR_PAT_121/treatment-records Bệnh nhân không tồn tại hoặc đã bị xóa
[2026-04-16 14:15:46:1546] error: [UnhandledError] GET /api/ehr/patients/USR_PAT_121/timeline Bệnh nhân không tồn tại hoặc đã bị xóa
[2026-04-16 14:16:47:1647] error: [UnhandledError] GET /api/ehr/patients/USR_PAT_121/allergies Bệnh nhân không tồn tại hoặc đã bị xóa
[2026-04-16 14:16:47:1647] error: [UnhandledError] GET /api/ehr/patients/USR_PAT_121/allergies Bệnh nhân không tồn tại hoặc đã bị xóa
[2026-04-16 14:16:48:1648] error: [UnhandledError] GET /api/ehr/patients/USR_PAT_121/allergies Bệnh nhân không tồn tại hoặc đã bị xóa
